CRITICAL - 2022-08-01 10:26:16 --> Trying to get property 'nodeValue' of non-object
in APPPATH\Libraries\Post.php on line 123.
 1 APPPATH\Libraries\Post.php(123): CodeIgniter\Debug\Exceptions->errorHandler(8, 'Trying to get property \'nodeValue\' of non-object', 'APPPATH\\Libraries\\Post.php', 123, [...])
 2 APPPATH\Controllers\Sites.php(196): App\Libraries\Post->getPostInfo()
 3 SYSTEMPATH\CodeIgniter.php(896): App\Controllers\Sites->savePage('1')
 4 SYSTEMPATH\CodeIgniter.php(466): CodeIgniter\CodeIgniter->runController(Object(App\Controllers\Sites))
 5 SYSTEMPATH\CodeIgniter.php(349): CodeIgniter\CodeIgniter->handleRequest(null, Object(Config\Cache), false)
 6 FCPATH\index.php(55): CodeIgniter\CodeIgniter->run()
 7 SYSTEMPATH\Commands\Server\rewrite.php(43): require_once('FCPATH\\index.php')
CRITICAL - 2022-08-01 10:26:30 --> Trying to get property 'nodeValue' of non-object
in APPPATH\Libraries\Post.php on line 123.
 1 APPPATH\Libraries\Post.php(123): CodeIgniter\Debug\Exceptions->errorHandler(8, 'Trying to get property \'nodeValue\' of non-object', 'APPPATH\\Libraries\\Post.php', 123, [...])
 2 APPPATH\Controllers\Sites.php(196): App\Libraries\Post->getPostInfo()
 3 SYSTEMPATH\CodeIgniter.php(896): App\Controllers\Sites->savePage('1')
 4 SYSTEMPATH\CodeIgniter.php(466): CodeIgniter\CodeIgniter->runController(Object(App\Controllers\Sites))
 5 SYSTEMPATH\CodeIgniter.php(349): CodeIgniter\CodeIgniter->handleRequest(null, Object(Config\Cache), false)
 6 FCPATH\index.php(55): CodeIgniter\CodeIgniter->run()
 7 SYSTEMPATH\Commands\Server\rewrite.php(43): require_once('FCPATH\\index.php')
CRITICAL - 2022-08-01 10:27:32 --> Trying to get property 'nodeValue' of non-object
in APPPATH\Libraries\Post.php on line 123.
 1 APPPATH\Libraries\Post.php(123): CodeIgniter\Debug\Exceptions->errorHandler(8, 'Trying to get property \'nodeValue\' of non-object', 'APPPATH\\Libraries\\Post.php', 123, [...])
 2 APPPATH\Controllers\Sites.php(196): App\Libraries\Post->getPostInfo()
 3 SYSTEMPATH\CodeIgniter.php(896): App\Controllers\Sites->savePage('1')
 4 SYSTEMPATH\CodeIgniter.php(466): CodeIgniter\CodeIgniter->runController(Object(App\Controllers\Sites))
 5 SYSTEMPATH\CodeIgniter.php(349): CodeIgniter\CodeIgniter->handleRequest(null, Object(Config\Cache), false)
 6 FCPATH\index.php(55): CodeIgniter\CodeIgniter->run()
 7 SYSTEMPATH\Commands\Server\rewrite.php(43): require_once('FCPATH\\index.php')
