CRITICAL - 2022-10-13 12:35:30 --> Class 'App\Libraries\DOMXPath' not found
in APPPATH\Libraries\Post.php on line 85.
 1 APPPATH\Controllers\Sites.php(207): App\Libraries\Post->getPostInfo()
 2 SYSTEMPATH\CodeIgniter.php(896): App\Controllers\Sites->savePage('5')
 3 SYSTEMPATH\CodeIgniter.php(466): CodeIgniter\CodeIgniter->runController(Object(App\Controllers\Sites))
 4 SYSTEMPATH\CodeIgniter.php(349): CodeIgniter\CodeIgniter->handleRequest(null, Object(Config\Cache), false)
 5 FCPATH\index.php(55): CodeIgniter\CodeIgniter->run()
 6 SYSTEMPATH\Commands\Server\rewrite.php(43): require_once('FCPATH\\index.php')
CRITICAL - 2022-10-13 16:36:10 --> Invalid characters passed for attempted conversion, these have been ignored
in APPPATH\Libraries\Post.php on line 183.
 1 [internal function]: CodeIgniter\Debug\Exceptions->errorHandler(8192, 'Invalid characters passed for attempted conversion, these have been ignored', 'APPPATH\\Libraries\\Post.php', 183, [...])
 2 APPPATH\Libraries\Post.php(183): hexdec('n-')
 3 APPPATH\Libraries\Post.php(63): App\Libraries\Post->cfDecodeEmail('cdn-cgi/l/email-protection')
 4 APPPATH\Controllers\Sites.php(207): App\Libraries\Post->getPostInfo()
 5 SYSTEMPATH\CodeIgniter.php(896): App\Controllers\Sites->savePage('5')
 6 SYSTEMPATH\CodeIgniter.php(466): CodeIgniter\CodeIgniter->runController(Object(App\Controllers\Sites))
 7 SYSTEMPATH\CodeIgniter.php(349): CodeIgniter\CodeIgniter->handleRequest(null, Object(Config\Cache), false)
 8 FCPATH\index.php(55): CodeIgniter\CodeIgniter->run()
 9 SYSTEMPATH\Commands\Server\rewrite.php(43): require_once('FCPATH\\index.php')
CRITICAL - 2022-10-13 16:36:17 --> Invalid characters passed for attempted conversion, these have been ignored
in APPPATH\Libraries\Post.php on line 183.
 1 [internal function]: CodeIgniter\Debug\Exceptions->errorHandler(8192, 'Invalid characters passed for attempted conversion, these have been ignored', 'APPPATH\\Libraries\\Post.php', 183, [...])
 2 APPPATH\Libraries\Post.php(183): hexdec('n-')
 3 APPPATH\Libraries\Post.php(63): App\Libraries\Post->cfDecodeEmail('cdn-cgi/l/email-protection')
 4 APPPATH\Controllers\Sites.php(207): App\Libraries\Post->getPostInfo()
 5 SYSTEMPATH\CodeIgniter.php(896): App\Controllers\Sites->savePage('5')
 6 SYSTEMPATH\CodeIgniter.php(466): CodeIgniter\CodeIgniter->runController(Object(App\Controllers\Sites))
 7 SYSTEMPATH\CodeIgniter.php(349): CodeIgniter\CodeIgniter->handleRequest(null, Object(Config\Cache), false)
 8 FCPATH\index.php(55): CodeIgniter\CodeIgniter->run()
 9 SYSTEMPATH\Commands\Server\rewrite.php(43): require_once('FCPATH\\index.php')
CRITICAL - 2022-10-13 16:38:10 --> Invalid characters passed for attempted conversion, these have been ignored
in APPPATH\Libraries\Post.php on line 183.
 1 [internal function]: CodeIgniter\Debug\Exceptions->errorHandler(8192, 'Invalid characters passed for attempted conversion, these have been ignored', 'APPPATH\\Libraries\\Post.php', 183, [...])
 2 APPPATH\Libraries\Post.php(183): hexdec('n-')
 3 APPPATH\Libraries\Post.php(63): App\Libraries\Post->cfDecodeEmail('cdn-cgi/l/email-protection')
 4 APPPATH\Controllers\Sites.php(207): App\Libraries\Post->getPostInfo()
 5 SYSTEMPATH\CodeIgniter.php(896): App\Controllers\Sites->savePage('5')
 6 SYSTEMPATH\CodeIgniter.php(466): CodeIgniter\CodeIgniter->runController(Object(App\Controllers\Sites))
 7 SYSTEMPATH\CodeIgniter.php(349): CodeIgniter\CodeIgniter->handleRequest(null, Object(Config\Cache), false)
 8 FCPATH\index.php(55): CodeIgniter\CodeIgniter->run()
 9 SYSTEMPATH\Commands\Server\rewrite.php(43): require_once('FCPATH\\index.php')
CRITICAL - 2022-10-13 16:42:01 --> Invalid characters passed for attempted conversion, these have been ignored
in APPPATH\Libraries\Post.php on line 183.
 1 [internal function]: CodeIgniter\Debug\Exceptions->errorHandler(8192, 'Invalid characters passed for attempted conversion, these have been ignored', 'APPPATH\\Libraries\\Post.php', 183, [...])
 2 APPPATH\Libraries\Post.php(183): hexdec('n-')
 3 APPPATH\Libraries\Post.php(63): App\Libraries\Post->cfDecodeEmail('cdn-cgi/l/email-protection')
 4 APPPATH\Controllers\Sites.php(207): App\Libraries\Post->getPostInfo()
 5 SYSTEMPATH\CodeIgniter.php(896): App\Controllers\Sites->savePage('5')
 6 SYSTEMPATH\CodeIgniter.php(466): CodeIgniter\CodeIgniter->runController(Object(App\Controllers\Sites))
 7 SYSTEMPATH\CodeIgniter.php(349): CodeIgniter\CodeIgniter->handleRequest(null, Object(Config\Cache), false)
 8 FCPATH\index.php(55): CodeIgniter\CodeIgniter->run()
 9 SYSTEMPATH\Commands\Server\rewrite.php(43): require_once('FCPATH\\index.php')
CRITICAL - 2022-10-13 16:42:44 --> Invalid characters passed for attempted conversion, these have been ignored
in APPPATH\Libraries\Post.php on line 183.
 1 [internal function]: CodeIgniter\Debug\Exceptions->errorHandler(8192, 'Invalid characters passed for attempted conversion, these have been ignored', 'APPPATH\\Libraries\\Post.php', 183, [...])
 2 APPPATH\Libraries\Post.php(183): hexdec('n-')
 3 APPPATH\Libraries\Post.php(63): App\Libraries\Post->cfDecodeEmail('cdn-cgi/l/email-protection')
 4 APPPATH\Controllers\Sites.php(207): App\Libraries\Post->getPostInfo()
 5 SYSTEMPATH\CodeIgniter.php(896): App\Controllers\Sites->savePage('5')
 6 SYSTEMPATH\CodeIgniter.php(466): CodeIgniter\CodeIgniter->runController(Object(App\Controllers\Sites))
 7 SYSTEMPATH\CodeIgniter.php(349): CodeIgniter\CodeIgniter->handleRequest(null, Object(Config\Cache), false)
 8 FCPATH\index.php(55): CodeIgniter\CodeIgniter->run()
 9 SYSTEMPATH\Commands\Server\rewrite.php(43): require_once('FCPATH\\index.php')
CRITICAL - 2022-10-13 16:42:47 --> Invalid characters passed for attempted conversion, these have been ignored
in APPPATH\Libraries\Post.php on line 183.
 1 [internal function]: CodeIgniter\Debug\Exceptions->errorHandler(8192, 'Invalid characters passed for attempted conversion, these have been ignored', 'APPPATH\\Libraries\\Post.php', 183, [...])
 2 APPPATH\Libraries\Post.php(183): hexdec('n-')
 3 APPPATH\Libraries\Post.php(63): App\Libraries\Post->cfDecodeEmail('cdn-cgi/l/email-protection')
 4 APPPATH\Controllers\Sites.php(207): App\Libraries\Post->getPostInfo()
 5 SYSTEMPATH\CodeIgniter.php(896): App\Controllers\Sites->savePage('5')
 6 SYSTEMPATH\CodeIgniter.php(466): CodeIgniter\CodeIgniter->runController(Object(App\Controllers\Sites))
 7 SYSTEMPATH\CodeIgniter.php(349): CodeIgniter\CodeIgniter->handleRequest(null, Object(Config\Cache), false)
 8 FCPATH\index.php(55): CodeIgniter\CodeIgniter->run()
 9 SYSTEMPATH\Commands\Server\rewrite.php(43): require_once('FCPATH\\index.php')
CRITICAL - 2022-10-13 16:42:52 --> Invalid characters passed for attempted conversion, these have been ignored
in APPPATH\Libraries\Post.php on line 183.
 1 [internal function]: CodeIgniter\Debug\Exceptions->errorHandler(8192, 'Invalid characters passed for attempted conversion, these have been ignored', 'APPPATH\\Libraries\\Post.php', 183, [...])
 2 APPPATH\Libraries\Post.php(183): hexdec('n-')
 3 APPPATH\Libraries\Post.php(63): App\Libraries\Post->cfDecodeEmail('cdn-cgi/l/email-protection')
 4 APPPATH\Controllers\Sites.php(207): App\Libraries\Post->getPostInfo()
 5 SYSTEMPATH\CodeIgniter.php(896): App\Controllers\Sites->savePage('5')
 6 SYSTEMPATH\CodeIgniter.php(466): CodeIgniter\CodeIgniter->runController(Object(App\Controllers\Sites))
 7 SYSTEMPATH\CodeIgniter.php(349): CodeIgniter\CodeIgniter->handleRequest(null, Object(Config\Cache), false)
 8 FCPATH\index.php(55): CodeIgniter\CodeIgniter->run()
 9 SYSTEMPATH\Commands\Server\rewrite.php(43): require_once('FCPATH\\index.php')
CRITICAL - 2022-10-13 16:42:58 --> Invalid characters passed for attempted conversion, these have been ignored
in APPPATH\Libraries\Post.php on line 183.
 1 [internal function]: CodeIgniter\Debug\Exceptions->errorHandler(8192, 'Invalid characters passed for attempted conversion, these have been ignored', 'APPPATH\\Libraries\\Post.php', 183, [...])
 2 APPPATH\Libraries\Post.php(183): hexdec('n-')
 3 APPPATH\Libraries\Post.php(63): App\Libraries\Post->cfDecodeEmail('cdn-cgi/l/email-protection')
 4 APPPATH\Controllers\Sites.php(207): App\Libraries\Post->getPostInfo()
 5 SYSTEMPATH\CodeIgniter.php(896): App\Controllers\Sites->savePage('5')
 6 SYSTEMPATH\CodeIgniter.php(466): CodeIgniter\CodeIgniter->runController(Object(App\Controllers\Sites))
 7 SYSTEMPATH\CodeIgniter.php(349): CodeIgniter\CodeIgniter->handleRequest(null, Object(Config\Cache), false)
 8 FCPATH\index.php(55): CodeIgniter\CodeIgniter->run()
 9 SYSTEMPATH\Commands\Server\rewrite.php(43): require_once('FCPATH\\index.php')
CRITICAL - 2022-10-13 16:43:01 --> Invalid characters passed for attempted conversion, these have been ignored
in APPPATH\Libraries\Post.php on line 183.
 1 [internal function]: CodeIgniter\Debug\Exceptions->errorHandler(8192, 'Invalid characters passed for attempted conversion, these have been ignored', 'APPPATH\\Libraries\\Post.php', 183, [...])
 2 APPPATH\Libraries\Post.php(183): hexdec('n-')
 3 APPPATH\Libraries\Post.php(63): App\Libraries\Post->cfDecodeEmail('cdn-cgi/l/email-protection')
 4 APPPATH\Controllers\Sites.php(207): App\Libraries\Post->getPostInfo()
 5 SYSTEMPATH\CodeIgniter.php(896): App\Controllers\Sites->savePage('5')
 6 SYSTEMPATH\CodeIgniter.php(466): CodeIgniter\CodeIgniter->runController(Object(App\Controllers\Sites))
 7 SYSTEMPATH\CodeIgniter.php(349): CodeIgniter\CodeIgniter->handleRequest(null, Object(Config\Cache), false)
 8 FCPATH\index.php(55): CodeIgniter\CodeIgniter->run()
 9 SYSTEMPATH\Commands\Server\rewrite.php(43): require_once('FCPATH\\index.php')
CRITICAL - 2022-10-13 16:43:13 --> Invalid characters passed for attempted conversion, these have been ignored
in APPPATH\Libraries\Post.php on line 183.
 1 [internal function]: CodeIgniter\Debug\Exceptions->errorHandler(8192, 'Invalid characters passed for attempted conversion, these have been ignored', 'APPPATH\\Libraries\\Post.php', 183, [...])
 2 APPPATH\Libraries\Post.php(183): hexdec('n-')
 3 APPPATH\Libraries\Post.php(63): App\Libraries\Post->cfDecodeEmail('cdn-cgi/l/email-protection')
 4 APPPATH\Controllers\Sites.php(207): App\Libraries\Post->getPostInfo()
 5 SYSTEMPATH\CodeIgniter.php(896): App\Controllers\Sites->savePage('5')
 6 SYSTEMPATH\CodeIgniter.php(466): CodeIgniter\CodeIgniter->runController(Object(App\Controllers\Sites))
 7 SYSTEMPATH\CodeIgniter.php(349): CodeIgniter\CodeIgniter->handleRequest(null, Object(Config\Cache), false)
 8 FCPATH\index.php(55): CodeIgniter\CodeIgniter->run()
 9 SYSTEMPATH\Commands\Server\rewrite.php(43): require_once('FCPATH\\index.php')
CRITICAL - 2022-10-13 16:43:19 --> Invalid characters passed for attempted conversion, these have been ignored
in APPPATH\Libraries\Post.php on line 183.
 1 [internal function]: CodeIgniter\Debug\Exceptions->errorHandler(8192, 'Invalid characters passed for attempted conversion, these have been ignored', 'APPPATH\\Libraries\\Post.php', 183, [...])
 2 APPPATH\Libraries\Post.php(183): hexdec('n-')
 3 APPPATH\Libraries\Post.php(63): App\Libraries\Post->cfDecodeEmail('cdn-cgi/l/email-protection')
 4 APPPATH\Controllers\Sites.php(207): App\Libraries\Post->getPostInfo()
 5 SYSTEMPATH\CodeIgniter.php(896): App\Controllers\Sites->savePage('5')
 6 SYSTEMPATH\CodeIgniter.php(466): CodeIgniter\CodeIgniter->runController(Object(App\Controllers\Sites))
 7 SYSTEMPATH\CodeIgniter.php(349): CodeIgniter\CodeIgniter->handleRequest(null, Object(Config\Cache), false)
 8 FCPATH\index.php(55): CodeIgniter\CodeIgniter->run()
 9 SYSTEMPATH\Commands\Server\rewrite.php(43): require_once('FCPATH\\index.php')
CRITICAL - 2022-10-13 16:43:25 --> Invalid characters passed for attempted conversion, these have been ignored
in APPPATH\Libraries\Post.php on line 183.
 1 [internal function]: CodeIgniter\Debug\Exceptions->errorHandler(8192, 'Invalid characters passed for attempted conversion, these have been ignored', 'APPPATH\\Libraries\\Post.php', 183, [...])
 2 APPPATH\Libraries\Post.php(183): hexdec('n-')
 3 APPPATH\Libraries\Post.php(63): App\Libraries\Post->cfDecodeEmail('cdn-cgi/l/email-protection')
 4 APPPATH\Controllers\Sites.php(207): App\Libraries\Post->getPostInfo()
 5 SYSTEMPATH\CodeIgniter.php(896): App\Controllers\Sites->savePage('5')
 6 SYSTEMPATH\CodeIgniter.php(466): CodeIgniter\CodeIgniter->runController(Object(App\Controllers\Sites))
 7 SYSTEMPATH\CodeIgniter.php(349): CodeIgniter\CodeIgniter->handleRequest(null, Object(Config\Cache), false)
 8 FCPATH\index.php(55): CodeIgniter\CodeIgniter->run()
 9 SYSTEMPATH\Commands\Server\rewrite.php(43): require_once('FCPATH\\index.php')
CRITICAL - 2022-10-13 16:43:28 --> Invalid characters passed for attempted conversion, these have been ignored
in APPPATH\Libraries\Post.php on line 183.
 1 [internal function]: CodeIgniter\Debug\Exceptions->errorHandler(8192, 'Invalid characters passed for attempted conversion, these have been ignored', 'APPPATH\\Libraries\\Post.php', 183, [...])
 2 APPPATH\Libraries\Post.php(183): hexdec('n-')
 3 APPPATH\Libraries\Post.php(63): App\Libraries\Post->cfDecodeEmail('cdn-cgi/l/email-protection')
 4 APPPATH\Controllers\Sites.php(207): App\Libraries\Post->getPostInfo()
 5 SYSTEMPATH\CodeIgniter.php(896): App\Controllers\Sites->savePage('5')
 6 SYSTEMPATH\CodeIgniter.php(466): CodeIgniter\CodeIgniter->runController(Object(App\Controllers\Sites))
 7 SYSTEMPATH\CodeIgniter.php(349): CodeIgniter\CodeIgniter->handleRequest(null, Object(Config\Cache), false)
 8 FCPATH\index.php(55): CodeIgniter\CodeIgniter->run()
 9 SYSTEMPATH\Commands\Server\rewrite.php(43): require_once('FCPATH\\index.php')
CRITICAL - 2022-10-13 16:43:34 --> Invalid characters passed for attempted conversion, these have been ignored
in APPPATH\Libraries\Post.php on line 183.
 1 [internal function]: CodeIgniter\Debug\Exceptions->errorHandler(8192, 'Invalid characters passed for attempted conversion, these have been ignored', 'APPPATH\\Libraries\\Post.php', 183, [...])
 2 APPPATH\Libraries\Post.php(183): hexdec('n-')
 3 APPPATH\Libraries\Post.php(63): App\Libraries\Post->cfDecodeEmail('cdn-cgi/l/email-protection')
 4 APPPATH\Controllers\Sites.php(207): App\Libraries\Post->getPostInfo()
 5 SYSTEMPATH\CodeIgniter.php(896): App\Controllers\Sites->savePage('5')
 6 SYSTEMPATH\CodeIgniter.php(466): CodeIgniter\CodeIgniter->runController(Object(App\Controllers\Sites))
 7 SYSTEMPATH\CodeIgniter.php(349): CodeIgniter\CodeIgniter->handleRequest(null, Object(Config\Cache), false)
 8 FCPATH\index.php(55): CodeIgniter\CodeIgniter->run()
 9 SYSTEMPATH\Commands\Server\rewrite.php(43): require_once('FCPATH\\index.php')
CRITICAL - 2022-10-13 16:43:37 --> Invalid characters passed for attempted conversion, these have been ignored
in APPPATH\Libraries\Post.php on line 183.
 1 [internal function]: CodeIgniter\Debug\Exceptions->errorHandler(8192, 'Invalid characters passed for attempted conversion, these have been ignored', 'APPPATH\\Libraries\\Post.php', 183, [...])
 2 APPPATH\Libraries\Post.php(183): hexdec('n-')
 3 APPPATH\Libraries\Post.php(63): App\Libraries\Post->cfDecodeEmail('cdn-cgi/l/email-protection')
 4 APPPATH\Controllers\Sites.php(207): App\Libraries\Post->getPostInfo()
 5 SYSTEMPATH\CodeIgniter.php(896): App\Controllers\Sites->savePage('5')
 6 SYSTEMPATH\CodeIgniter.php(466): CodeIgniter\CodeIgniter->runController(Object(App\Controllers\Sites))
 7 SYSTEMPATH\CodeIgniter.php(349): CodeIgniter\CodeIgniter->handleRequest(null, Object(Config\Cache), false)
 8 FCPATH\index.php(55): CodeIgniter\CodeIgniter->run()
 9 SYSTEMPATH\Commands\Server\rewrite.php(43): require_once('FCPATH\\index.php')
CRITICAL - 2022-10-13 16:43:40 --> Invalid characters passed for attempted conversion, these have been ignored
in APPPATH\Libraries\Post.php on line 183.
 1 [internal function]: CodeIgniter\Debug\Exceptions->errorHandler(8192, 'Invalid characters passed for attempted conversion, these have been ignored', 'APPPATH\\Libraries\\Post.php', 183, [...])
 2 APPPATH\Libraries\Post.php(183): hexdec('n-')
 3 APPPATH\Libraries\Post.php(63): App\Libraries\Post->cfDecodeEmail('cdn-cgi/l/email-protection')
 4 APPPATH\Controllers\Sites.php(207): App\Libraries\Post->getPostInfo()
 5 SYSTEMPATH\CodeIgniter.php(896): App\Controllers\Sites->savePage('5')
 6 SYSTEMPATH\CodeIgniter.php(466): CodeIgniter\CodeIgniter->runController(Object(App\Controllers\Sites))
 7 SYSTEMPATH\CodeIgniter.php(349): CodeIgniter\CodeIgniter->handleRequest(null, Object(Config\Cache), false)
 8 FCPATH\index.php(55): CodeIgniter\CodeIgniter->run()
 9 SYSTEMPATH\Commands\Server\rewrite.php(43): require_once('FCPATH\\index.php')
CRITICAL - 2022-10-13 16:43:43 --> Invalid characters passed for attempted conversion, these have been ignored
in APPPATH\Libraries\Post.php on line 183.
 1 [internal function]: CodeIgniter\Debug\Exceptions->errorHandler(8192, 'Invalid characters passed for attempted conversion, these have been ignored', 'APPPATH\\Libraries\\Post.php', 183, [...])
 2 APPPATH\Libraries\Post.php(183): hexdec('n-')
 3 APPPATH\Libraries\Post.php(63): App\Libraries\Post->cfDecodeEmail('cdn-cgi/l/email-protection')
 4 APPPATH\Controllers\Sites.php(207): App\Libraries\Post->getPostInfo()
 5 SYSTEMPATH\CodeIgniter.php(896): App\Controllers\Sites->savePage('5')
 6 SYSTEMPATH\CodeIgniter.php(466): CodeIgniter\CodeIgniter->runController(Object(App\Controllers\Sites))
 7 SYSTEMPATH\CodeIgniter.php(349): CodeIgniter\CodeIgniter->handleRequest(null, Object(Config\Cache), false)
 8 FCPATH\index.php(55): CodeIgniter\CodeIgniter->run()
 9 SYSTEMPATH\Commands\Server\rewrite.php(43): require_once('FCPATH\\index.php')
CRITICAL - 2022-10-13 16:44:00 --> Invalid characters passed for attempted conversion, these have been ignored
in APPPATH\Libraries\Post.php on line 183.
 1 [internal function]: CodeIgniter\Debug\Exceptions->errorHandler(8192, 'Invalid characters passed for attempted conversion, these have been ignored', 'APPPATH\\Libraries\\Post.php', 183, [...])
 2 APPPATH\Libraries\Post.php(183): hexdec('n-')
 3 APPPATH\Libraries\Post.php(63): App\Libraries\Post->cfDecodeEmail('cdn-cgi/l/email-protection')
 4 APPPATH\Controllers\Sites.php(207): App\Libraries\Post->getPostInfo()
 5 SYSTEMPATH\CodeIgniter.php(896): App\Controllers\Sites->savePage('5')
 6 SYSTEMPATH\CodeIgniter.php(466): CodeIgniter\CodeIgniter->runController(Object(App\Controllers\Sites))
 7 SYSTEMPATH\CodeIgniter.php(349): CodeIgniter\CodeIgniter->handleRequest(null, Object(Config\Cache), false)
 8 FCPATH\index.php(55): CodeIgniter\CodeIgniter->run()
 9 SYSTEMPATH\Commands\Server\rewrite.php(43): require_once('FCPATH\\index.php')
CRITICAL - 2022-10-13 16:44:03 --> Invalid characters passed for attempted conversion, these have been ignored
in APPPATH\Libraries\Post.php on line 183.
 1 [internal function]: CodeIgniter\Debug\Exceptions->errorHandler(8192, 'Invalid characters passed for attempted conversion, these have been ignored', 'APPPATH\\Libraries\\Post.php', 183, [...])
 2 APPPATH\Libraries\Post.php(183): hexdec('n-')
 3 APPPATH\Libraries\Post.php(63): App\Libraries\Post->cfDecodeEmail('cdn-cgi/l/email-protection')
 4 APPPATH\Controllers\Sites.php(207): App\Libraries\Post->getPostInfo()
 5 SYSTEMPATH\CodeIgniter.php(896): App\Controllers\Sites->savePage('5')
 6 SYSTEMPATH\CodeIgniter.php(466): CodeIgniter\CodeIgniter->runController(Object(App\Controllers\Sites))
 7 SYSTEMPATH\CodeIgniter.php(349): CodeIgniter\CodeIgniter->handleRequest(null, Object(Config\Cache), false)
 8 FCPATH\index.php(55): CodeIgniter\CodeIgniter->run()
 9 SYSTEMPATH\Commands\Server\rewrite.php(43): require_once('FCPATH\\index.php')
CRITICAL - 2022-10-13 16:44:06 --> Invalid characters passed for attempted conversion, these have been ignored
in APPPATH\Libraries\Post.php on line 183.
 1 [internal function]: CodeIgniter\Debug\Exceptions->errorHandler(8192, 'Invalid characters passed for attempted conversion, these have been ignored', 'APPPATH\\Libraries\\Post.php', 183, [...])
 2 APPPATH\Libraries\Post.php(183): hexdec('n-')
 3 APPPATH\Libraries\Post.php(63): App\Libraries\Post->cfDecodeEmail('cdn-cgi/l/email-protection')
 4 APPPATH\Controllers\Sites.php(207): App\Libraries\Post->getPostInfo()
 5 SYSTEMPATH\CodeIgniter.php(896): App\Controllers\Sites->savePage('5')
 6 SYSTEMPATH\CodeIgniter.php(466): CodeIgniter\CodeIgniter->runController(Object(App\Controllers\Sites))
 7 SYSTEMPATH\CodeIgniter.php(349): CodeIgniter\CodeIgniter->handleRequest(null, Object(Config\Cache), false)
 8 FCPATH\index.php(55): CodeIgniter\CodeIgniter->run()
 9 SYSTEMPATH\Commands\Server\rewrite.php(43): require_once('FCPATH\\index.php')
CRITICAL - 2022-10-13 16:44:09 --> Invalid characters passed for attempted conversion, these have been ignored
in APPPATH\Libraries\Post.php on line 183.
 1 [internal function]: CodeIgniter\Debug\Exceptions->errorHandler(8192, 'Invalid characters passed for attempted conversion, these have been ignored', 'APPPATH\\Libraries\\Post.php', 183, [...])
 2 APPPATH\Libraries\Post.php(183): hexdec('n-')
 3 APPPATH\Libraries\Post.php(63): App\Libraries\Post->cfDecodeEmail('cdn-cgi/l/email-protection')
 4 APPPATH\Controllers\Sites.php(207): App\Libraries\Post->getPostInfo()
 5 SYSTEMPATH\CodeIgniter.php(896): App\Controllers\Sites->savePage('5')
 6 SYSTEMPATH\CodeIgniter.php(466): CodeIgniter\CodeIgniter->runController(Object(App\Controllers\Sites))
 7 SYSTEMPATH\CodeIgniter.php(349): CodeIgniter\CodeIgniter->handleRequest(null, Object(Config\Cache), false)
 8 FCPATH\index.php(55): CodeIgniter\CodeIgniter->run()
 9 SYSTEMPATH\Commands\Server\rewrite.php(43): require_once('FCPATH\\index.php')
CRITICAL - 2022-10-13 16:44:12 --> Invalid characters passed for attempted conversion, these have been ignored
in APPPATH\Libraries\Post.php on line 183.
 1 [internal function]: CodeIgniter\Debug\Exceptions->errorHandler(8192, 'Invalid characters passed for attempted conversion, these have been ignored', 'APPPATH\\Libraries\\Post.php', 183, [...])
 2 APPPATH\Libraries\Post.php(183): hexdec('n-')
 3 APPPATH\Libraries\Post.php(63): App\Libraries\Post->cfDecodeEmail('cdn-cgi/l/email-protection')
 4 APPPATH\Controllers\Sites.php(207): App\Libraries\Post->getPostInfo()
 5 SYSTEMPATH\CodeIgniter.php(896): App\Controllers\Sites->savePage('5')
 6 SYSTEMPATH\CodeIgniter.php(466): CodeIgniter\CodeIgniter->runController(Object(App\Controllers\Sites))
 7 SYSTEMPATH\CodeIgniter.php(349): CodeIgniter\CodeIgniter->handleRequest(null, Object(Config\Cache), false)
 8 FCPATH\index.php(55): CodeIgniter\CodeIgniter->run()
 9 SYSTEMPATH\Commands\Server\rewrite.php(43): require_once('FCPATH\\index.php')
CRITICAL - 2022-10-13 16:44:18 --> Invalid characters passed for attempted conversion, these have been ignored
in APPPATH\Libraries\Post.php on line 183.
 1 [internal function]: CodeIgniter\Debug\Exceptions->errorHandler(8192, 'Invalid characters passed for attempted conversion, these have been ignored', 'APPPATH\\Libraries\\Post.php', 183, [...])
 2 APPPATH\Libraries\Post.php(183): hexdec('n-')
 3 APPPATH\Libraries\Post.php(63): App\Libraries\Post->cfDecodeEmail('cdn-cgi/l/email-protection')
 4 APPPATH\Controllers\Sites.php(207): App\Libraries\Post->getPostInfo()
 5 SYSTEMPATH\CodeIgniter.php(896): App\Controllers\Sites->savePage('5')
 6 SYSTEMPATH\CodeIgniter.php(466): CodeIgniter\CodeIgniter->runController(Object(App\Controllers\Sites))
 7 SYSTEMPATH\CodeIgniter.php(349): CodeIgniter\CodeIgniter->handleRequest(null, Object(Config\Cache), false)
 8 FCPATH\index.php(55): CodeIgniter\CodeIgniter->run()
 9 SYSTEMPATH\Commands\Server\rewrite.php(43): require_once('FCPATH\\index.php')
