CRITICAL - 2022-07-20 08:45:18 --> Allowed fields must be specified for model: App\Models\SitesModel
in SYSTEMPATH\BaseModel.php on line 1138.
 1 SYSTEMPATH\BaseModel.php(1138): CodeIgniter\Database\Exceptions\DataException::forInvalidAllowedFields('App\\Models\\SitesModel')
 2 SYSTEMPATH\BaseModel.php(841): CodeIgniter\BaseModel->doProtectFields([...])
 3 SYSTEMPATH\Model.php(692): CodeIgniter\BaseModel->update([...], [...])
 4 APPPATH\Controllers\Sites.php(42): CodeIgniter\Model->update('1', [...])
 5 SYSTEMPATH\CodeIgniter.php(896): App\Controllers\Sites->saveSite()
 6 SYSTEMPATH\CodeIgniter.php(466): CodeIgniter\CodeIgniter->runController(Object(App\Controllers\Sites))
 7 SYSTEMPATH\CodeIgniter.php(349): CodeIgniter\CodeIgniter->handleRequest(null, Object(Config\Cache), false)
 8 FCPATH\index.php(55): CodeIgniter\CodeIgniter->run()
 9 SYSTEMPATH\Commands\Server\rewrite.php(43): require_once('FCPATH\\index.php')
CRITICAL - 2022-07-20 10:49:13 --> Undefined variable: title
in APPPATH\Views\templates\header.php on line 24.
 1 APPPATH\Views\templates\header.php(24): CodeIgniter\Debug\Exceptions->errorHandler(8, 'Undefined variable: title', 'APPPATH\\Views\\templates\\header.php', 24, [])
 2 SYSTEMPATH\View\View.php(213): include('APPPATH\\Views\\templates\\header.php')
 3 SYSTEMPATH\View\View.php(216): CodeIgniter\View\View->CodeIgniter\View\{closure}()
 4 SYSTEMPATH\Common.php(1135): CodeIgniter\View\View->render('templates/header', [], true)
 5 APPPATH\Controllers\Home.php(30): view('templates/header')
 6 SYSTEMPATH\CodeIgniter.php(896): App\Controllers\Home->anyPage('page', '1')
 7 SYSTEMPATH\CodeIgniter.php(466): CodeIgniter\CodeIgniter->runController(Object(App\Controllers\Home))
 8 SYSTEMPATH\CodeIgniter.php(349): CodeIgniter\CodeIgniter->handleRequest(null, Object(Config\Cache), false)
 9 FCPATH\index.php(55): CodeIgniter\CodeIgniter->run()
10 SYSTEMPATH\Commands\Server\rewrite.php(43): require_once('FCPATH\\index.php')
CRITICAL - 2022-07-20 10:49:58 --> Undefined variable: title
in APPPATH\Views\templates\header.php on line 24.
 1 APPPATH\Views\templates\header.php(24): CodeIgniter\Debug\Exceptions->errorHandler(8, 'Undefined variable: title', 'APPPATH\\Views\\templates\\header.php', 24, [])
 2 SYSTEMPATH\View\View.php(213): include('APPPATH\\Views\\templates\\header.php')
 3 SYSTEMPATH\View\View.php(216): CodeIgniter\View\View->CodeIgniter\View\{closure}()
 4 SYSTEMPATH\Common.php(1135): CodeIgniter\View\View->render('templates/header', [], true)
 5 APPPATH\Controllers\Home.php(30): view('templates/header')
 6 SYSTEMPATH\CodeIgniter.php(896): App\Controllers\Home->anyPage('page', '1')
 7 SYSTEMPATH\CodeIgniter.php(466): CodeIgniter\CodeIgniter->runController(Object(App\Controllers\Home))
 8 SYSTEMPATH\CodeIgniter.php(349): CodeIgniter\CodeIgniter->handleRequest(null, Object(Config\Cache), false)
 9 FCPATH\index.php(55): CodeIgniter\CodeIgniter->run()
10 SYSTEMPATH\Commands\Server\rewrite.php(43): require_once('FCPATH\\index.php')
CRITICAL - 2022-07-20 10:50:49 --> Undefined variable: title
in APPPATH\Views\templates\header.php on line 24.
 1 APPPATH\Views\templates\header.php(24): CodeIgniter\Debug\Exceptions->errorHandler(8, 'Undefined variable: title', 'APPPATH\\Views\\templates\\header.php', 24, [])
 2 SYSTEMPATH\View\View.php(213): include('APPPATH\\Views\\templates\\header.php')
 3 SYSTEMPATH\View\View.php(216): CodeIgniter\View\View->CodeIgniter\View\{closure}()
 4 SYSTEMPATH\Common.php(1135): CodeIgniter\View\View->render('templates/header', [], true)
 5 APPPATH\Controllers\Home.php(30): view('templates/header')
 6 SYSTEMPATH\CodeIgniter.php(896): App\Controllers\Home->anyPage('page', '1')
 7 SYSTEMPATH\CodeIgniter.php(466): CodeIgniter\CodeIgniter->runController(Object(App\Controllers\Home))
 8 SYSTEMPATH\CodeIgniter.php(349): CodeIgniter\CodeIgniter->handleRequest(null, Object(Config\Cache), false)
 9 FCPATH\index.php(55): CodeIgniter\CodeIgniter->run()
10 SYSTEMPATH\Commands\Server\rewrite.php(43): require_once('FCPATH\\index.php')
CRITICAL - 2022-07-20 10:52:35 --> Undefined variable: title
in APPPATH\Views\templates\header.php on line 24.
 1 APPPATH\Views\templates\header.php(24): CodeIgniter\Debug\Exceptions->errorHandler(8, 'Undefined variable: title', 'APPPATH\\Views\\templates\\header.php', 24, [])
 2 SYSTEMPATH\View\View.php(213): include('APPPATH\\Views\\templates\\header.php')
 3 SYSTEMPATH\View\View.php(216): CodeIgniter\View\View->CodeIgniter\View\{closure}()
 4 SYSTEMPATH\Common.php(1135): CodeIgniter\View\View->render('templates/header', [], true)
 5 APPPATH\Controllers\Home.php(30): view('templates/header')
 6 SYSTEMPATH\CodeIgniter.php(896): App\Controllers\Home->anyPage('page', '1')
 7 SYSTEMPATH\CodeIgniter.php(466): CodeIgniter\CodeIgniter->runController(Object(App\Controllers\Home))
 8 SYSTEMPATH\CodeIgniter.php(349): CodeIgniter\CodeIgniter->handleRequest(null, Object(Config\Cache), false)
 9 FCPATH\index.php(55): CodeIgniter\CodeIgniter->run()
10 SYSTEMPATH\Commands\Server\rewrite.php(43): require_once('FCPATH\\index.php')
CRITICAL - 2022-07-20 10:52:53 --> Undefined variable: title
in APPPATH\Views\templates\header.php on line 24.
 1 APPPATH\Views\templates\header.php(24): CodeIgniter\Debug\Exceptions->errorHandler(8, 'Undefined variable: title', 'APPPATH\\Views\\templates\\header.php', 24, [])
 2 SYSTEMPATH\View\View.php(213): include('APPPATH\\Views\\templates\\header.php')
 3 SYSTEMPATH\View\View.php(216): CodeIgniter\View\View->CodeIgniter\View\{closure}()
 4 SYSTEMPATH\Common.php(1135): CodeIgniter\View\View->render('templates/header', [], true)
 5 APPPATH\Controllers\Home.php(30): view('templates/header')
 6 SYSTEMPATH\CodeIgniter.php(896): App\Controllers\Home->anyPage('page', '1')
 7 SYSTEMPATH\CodeIgniter.php(466): CodeIgniter\CodeIgniter->runController(Object(App\Controllers\Home))
 8 SYSTEMPATH\CodeIgniter.php(349): CodeIgniter\CodeIgniter->handleRequest(null, Object(Config\Cache), false)
 9 FCPATH\index.php(55): CodeIgniter\CodeIgniter->run()
10 SYSTEMPATH\Commands\Server\rewrite.php(43): require_once('FCPATH\\index.php')
CRITICAL - 2022-07-20 10:53:08 --> Undefined variable: title
in APPPATH\Views\templates\header.php on line 24.
 1 APPPATH\Views\templates\header.php(24): CodeIgniter\Debug\Exceptions->errorHandler(8, 'Undefined variable: title', 'APPPATH\\Views\\templates\\header.php', 24, [])
 2 SYSTEMPATH\View\View.php(213): include('APPPATH\\Views\\templates\\header.php')
 3 SYSTEMPATH\View\View.php(216): CodeIgniter\View\View->CodeIgniter\View\{closure}()
 4 SYSTEMPATH\Common.php(1135): CodeIgniter\View\View->render('templates/header', [], true)
 5 APPPATH\Controllers\Home.php(30): view('templates/header')
 6 SYSTEMPATH\CodeIgniter.php(896): App\Controllers\Home->anyPage('page', '1')
 7 SYSTEMPATH\CodeIgniter.php(466): CodeIgniter\CodeIgniter->runController(Object(App\Controllers\Home))
 8 SYSTEMPATH\CodeIgniter.php(349): CodeIgniter\CodeIgniter->handleRequest(null, Object(Config\Cache), false)
 9 FCPATH\index.php(55): CodeIgniter\CodeIgniter->run()
10 SYSTEMPATH\Commands\Server\rewrite.php(43): require_once('FCPATH\\index.php')
CRITICAL - 2022-07-20 10:53:58 --> Undefined variable: title
in APPPATH\Views\templates\header.php on line 24.
 1 APPPATH\Views\templates\header.php(24): CodeIgniter\Debug\Exceptions->errorHandler(8, 'Undefined variable: title', 'APPPATH\\Views\\templates\\header.php', 24, [])
 2 SYSTEMPATH\View\View.php(213): include('APPPATH\\Views\\templates\\header.php')
 3 SYSTEMPATH\View\View.php(216): CodeIgniter\View\View->CodeIgniter\View\{closure}()
 4 SYSTEMPATH\Common.php(1135): CodeIgniter\View\View->render('templates/header', [], true)
 5 APPPATH\Controllers\Home.php(30): view('templates/header')
 6 SYSTEMPATH\CodeIgniter.php(896): App\Controllers\Home->anyPage('page', '1')
 7 SYSTEMPATH\CodeIgniter.php(466): CodeIgniter\CodeIgniter->runController(Object(App\Controllers\Home))
 8 SYSTEMPATH\CodeIgniter.php(349): CodeIgniter\CodeIgniter->handleRequest(null, Object(Config\Cache), false)
 9 FCPATH\index.php(55): CodeIgniter\CodeIgniter->run()
10 SYSTEMPATH\Commands\Server\rewrite.php(43): require_once('FCPATH\\index.php')
CRITICAL - 2022-07-20 10:54:24 --> Undefined variable: title
in APPPATH\Views\templates\header.php on line 24.
 1 APPPATH\Views\templates\header.php(24): CodeIgniter\Debug\Exceptions->errorHandler(8, 'Undefined variable: title', 'APPPATH\\Views\\templates\\header.php', 24, [])
 2 SYSTEMPATH\View\View.php(213): include('APPPATH\\Views\\templates\\header.php')
 3 SYSTEMPATH\View\View.php(216): CodeIgniter\View\View->CodeIgniter\View\{closure}()
 4 SYSTEMPATH\Common.php(1135): CodeIgniter\View\View->render('templates/header', [], true)
 5 APPPATH\Controllers\Home.php(30): view('templates/header')
 6 SYSTEMPATH\CodeIgniter.php(896): App\Controllers\Home->anyPage('page', '1')
 7 SYSTEMPATH\CodeIgniter.php(466): CodeIgniter\CodeIgniter->runController(Object(App\Controllers\Home))
 8 SYSTEMPATH\CodeIgniter.php(349): CodeIgniter\CodeIgniter->handleRequest(null, Object(Config\Cache), false)
 9 FCPATH\index.php(55): CodeIgniter\CodeIgniter->run()
10 SYSTEMPATH\Commands\Server\rewrite.php(43): require_once('FCPATH\\index.php')
CRITICAL - 2022-07-20 10:56:23 --> Undefined variable: title
in APPPATH\Views\templates\header.php on line 24.
 1 APPPATH\Views\templates\header.php(24): CodeIgniter\Debug\Exceptions->errorHandler(8, 'Undefined variable: title', 'APPPATH\\Views\\templates\\header.php', 24, [])
 2 SYSTEMPATH\View\View.php(213): include('APPPATH\\Views\\templates\\header.php')
 3 SYSTEMPATH\View\View.php(216): CodeIgniter\View\View->CodeIgniter\View\{closure}()
 4 SYSTEMPATH\Common.php(1135): CodeIgniter\View\View->render('templates/header', [], true)
 5 APPPATH\Controllers\Home.php(30): view('templates/header')
 6 SYSTEMPATH\CodeIgniter.php(896): App\Controllers\Home->anyPage('page', '1')
 7 SYSTEMPATH\CodeIgniter.php(466): CodeIgniter\CodeIgniter->runController(Object(App\Controllers\Home))
 8 SYSTEMPATH\CodeIgniter.php(349): CodeIgniter\CodeIgniter->handleRequest(null, Object(Config\Cache), false)
 9 FCPATH\index.php(55): CodeIgniter\CodeIgniter->run()
10 SYSTEMPATH\Commands\Server\rewrite.php(43): require_once('FCPATH\\index.php')
CRITICAL - 2022-07-20 17:51:06 --> Undefined variable: pages
in APPPATH\Views\listPages.php on line 30.
 1 APPPATH\Views\listPages.php(30): CodeIgniter\Debug\Exceptions->errorHandler(8, 'Undefined variable: pages', 'APPPATH\\Views\\listPages.php', 30, [...])
 2 SYSTEMPATH\View\View.php(213): include('APPPATH\\Views\\listPages.php')
 3 SYSTEMPATH\View\View.php(216): CodeIgniter\View\View->CodeIgniter\View\{closure}()
 4 SYSTEMPATH\Common.php(1135): CodeIgniter\View\View->render('listPages', [], true)
 5 APPPATH\Controllers\Sites.php(94): view('listPages', [...])
 6 SYSTEMPATH\CodeIgniter.php(896): App\Controllers\Sites->setXML('1')
 7 SYSTEMPATH\CodeIgniter.php(466): CodeIgniter\CodeIgniter->runController(Object(App\Controllers\Sites))
 8 SYSTEMPATH\CodeIgniter.php(349): CodeIgniter\CodeIgniter->handleRequest(null, Object(Config\Cache), false)
 9 FCPATH\index.php(55): CodeIgniter\CodeIgniter->run()
10 SYSTEMPATH\Commands\Server\rewrite.php(43): require_once('FCPATH\\index.php')
