ERROR - 2022-10-17 09:09:46 --> Error connecting to the database: No se puede establecer una conexión ya que el equipo de destino denegó expresamente dicha conexión.

CRITICAL - 2022-10-17 09:09:46 --> Unable to connect to the database.
Main connection [MySQLi]: No se puede establecer una conexión ya que el equipo de destino denegó expresamente dicha conexión.

in SYSTEMPATH\Database\BaseConnection.php on line 416.
 1 SYSTEMPATH\Database\BaseConnection.php(586): CodeIgniter\Database\BaseConnection->initialize()
 2 SYSTEMPATH\Database\BaseBuilder.php(1585): CodeIgniter\Database\BaseConnection->query('SELECT *
FROM `site`
WHERE `site`.`idsite` = :site.idsite:', [...], false)
 3 SYSTEMPATH\Model.php(181): CodeIgniter\Database\BaseBuilder->get()
 4 SYSTEMPATH\BaseModel.php(523): CodeIgniter\Model->doFind(true, '5')
 5 APPPATH\Controllers\Sites.php(15): CodeIgniter\BaseModel->find('5')
 6 SYSTEMPATH\CodeIgniter.php(896): App\Controllers\Sites->index('5')
 7 SYSTEMPATH\CodeIgniter.php(466): CodeIgniter\CodeIgniter->runController(Object(App\Controllers\Sites))
 8 SYSTEMPATH\CodeIgniter.php(349): CodeIgniter\CodeIgniter->handleRequest(null, Object(Config\Cache), false)
 9 FCPATH\index.php(55): CodeIgniter\CodeIgniter->run()
10 SYSTEMPATH\Commands\Server\rewrite.php(43): require_once('FCPATH\\index.php')
ERROR - 2022-10-17 09:09:50 --> Error connecting to the database: No se puede establecer una conexión ya que el equipo de destino denegó expresamente dicha conexión.

CRITICAL - 2022-10-17 09:09:50 --> Unable to connect to the database.
Main connection [MySQLi]: No se puede establecer una conexión ya que el equipo de destino denegó expresamente dicha conexión.

in SYSTEMPATH\Database\BaseConnection.php on line 416.
 1 SYSTEMPATH\Database\BaseConnection.php(586): CodeIgniter\Database\BaseConnection->initialize()
 2 SYSTEMPATH\Database\BaseBuilder.php(1585): CodeIgniter\Database\BaseConnection->query('SELECT *
FROM `site`
WHERE `site`.`idsite` = :site.idsite:', [...], false)
 3 SYSTEMPATH\Model.php(181): CodeIgniter\Database\BaseBuilder->get()
 4 SYSTEMPATH\BaseModel.php(523): CodeIgniter\Model->doFind(true, '5')
 5 APPPATH\Controllers\Sites.php(15): CodeIgniter\BaseModel->find('5')
 6 SYSTEMPATH\CodeIgniter.php(896): App\Controllers\Sites->index('5')
 7 SYSTEMPATH\CodeIgniter.php(466): CodeIgniter\CodeIgniter->runController(Object(App\Controllers\Sites))
 8 SYSTEMPATH\CodeIgniter.php(349): CodeIgniter\CodeIgniter->handleRequest(null, Object(Config\Cache), false)
 9 FCPATH\index.php(55): CodeIgniter\CodeIgniter->run()
10 SYSTEMPATH\Commands\Server\rewrite.php(43): require_once('FCPATH\\index.php')
ERROR - 2022-10-17 09:09:55 --> Error connecting to the database: No se puede establecer una conexión ya que el equipo de destino denegó expresamente dicha conexión.

CRITICAL - 2022-10-17 09:09:55 --> Unable to connect to the database.
Main connection [MySQLi]: No se puede establecer una conexión ya que el equipo de destino denegó expresamente dicha conexión.

in SYSTEMPATH\Database\BaseConnection.php on line 416.
 1 SYSTEMPATH\Database\BaseConnection.php(586): CodeIgniter\Database\BaseConnection->initialize()
 2 SYSTEMPATH\Database\BaseBuilder.php(1585): CodeIgniter\Database\BaseConnection->query('SELECT *
FROM `site`
WHERE `site`.`idsite` = :site.idsite:', [...], false)
 3 SYSTEMPATH\Model.php(181): CodeIgniter\Database\BaseBuilder->get()
 4 SYSTEMPATH\BaseModel.php(523): CodeIgniter\Model->doFind(true, '5')
 5 APPPATH\Controllers\Sites.php(15): CodeIgniter\BaseModel->find('5')
 6 SYSTEMPATH\CodeIgniter.php(896): App\Controllers\Sites->index('5')
 7 SYSTEMPATH\CodeIgniter.php(466): CodeIgniter\CodeIgniter->runController(Object(App\Controllers\Sites))
 8 SYSTEMPATH\CodeIgniter.php(349): CodeIgniter\CodeIgniter->handleRequest(null, Object(Config\Cache), false)
 9 FCPATH\index.php(55): CodeIgniter\CodeIgniter->run()
10 SYSTEMPATH\Commands\Server\rewrite.php(43): require_once('FCPATH\\index.php')
CRITICAL - 2022-10-17 09:12:26 --> Trying to get property 'idpage' of non-object
in APPPATH\Controllers\Sites.php on line 232.
 1 APPPATH\Controllers\Sites.php(232): CodeIgniter\Debug\Exceptions->errorHandler(8, 'Trying to get property \'idpage\' of non-object', 'APPPATH\\Controllers\\Sites.php', 232, [...])
 2 SYSTEMPATH\CodeIgniter.php(896): App\Controllers\Sites->savePage('5')
 3 SYSTEMPATH\CodeIgniter.php(466): CodeIgniter\CodeIgniter->runController(Object(App\Controllers\Sites))
 4 SYSTEMPATH\CodeIgniter.php(349): CodeIgniter\CodeIgniter->handleRequest(null, Object(Config\Cache), false)
 5 FCPATH\index.php(55): CodeIgniter\CodeIgniter->run()
 6 SYSTEMPATH\Commands\Server\rewrite.php(43): require_once('FCPATH\\index.php')
CRITICAL - 2022-10-17 09:15:08 --> Trying to get property 'idpage' of non-object
in APPPATH\Controllers\Sites.php on line 232.
 1 APPPATH\Controllers\Sites.php(232): CodeIgniter\Debug\Exceptions->errorHandler(8, 'Trying to get property \'idpage\' of non-object', 'APPPATH\\Controllers\\Sites.php', 232, [...])
 2 SYSTEMPATH\CodeIgniter.php(896): App\Controllers\Sites->savePage('5')
 3 SYSTEMPATH\CodeIgniter.php(466): CodeIgniter\CodeIgniter->runController(Object(App\Controllers\Sites))
 4 SYSTEMPATH\CodeIgniter.php(349): CodeIgniter\CodeIgniter->handleRequest(null, Object(Config\Cache), false)
 5 FCPATH\index.php(55): CodeIgniter\CodeIgniter->run()
 6 SYSTEMPATH\Commands\Server\rewrite.php(43): require_once('FCPATH\\index.php')
CRITICAL - 2022-10-17 09:36:20 --> Trying to get property 'idpage' of non-object
in APPPATH\Controllers\Sites.php on line 232.
 1 APPPATH\Controllers\Sites.php(232): CodeIgniter\Debug\Exceptions->errorHandler(8, 'Trying to get property \'idpage\' of non-object', 'APPPATH\\Controllers\\Sites.php', 232, [...])
 2 SYSTEMPATH\CodeIgniter.php(896): App\Controllers\Sites->savePage('5')
 3 SYSTEMPATH\CodeIgniter.php(466): CodeIgniter\CodeIgniter->runController(Object(App\Controllers\Sites))
 4 SYSTEMPATH\CodeIgniter.php(349): CodeIgniter\CodeIgniter->handleRequest(null, Object(Config\Cache), false)
 5 FCPATH\index.php(55): CodeIgniter\CodeIgniter->run()
 6 SYSTEMPATH\Commands\Server\rewrite.php(43): require_once('FCPATH\\index.php')
CRITICAL - 2022-10-17 09:36:58 --> Trying to get property 'idpage' of non-object
in APPPATH\Controllers\Sites.php on line 232.
 1 APPPATH\Controllers\Sites.php(232): CodeIgniter\Debug\Exceptions->errorHandler(8, 'Trying to get property \'idpage\' of non-object', 'APPPATH\\Controllers\\Sites.php', 232, [...])
 2 SYSTEMPATH\CodeIgniter.php(896): App\Controllers\Sites->savePage('5')
 3 SYSTEMPATH\CodeIgniter.php(466): CodeIgniter\CodeIgniter->runController(Object(App\Controllers\Sites))
 4 SYSTEMPATH\CodeIgniter.php(349): CodeIgniter\CodeIgniter->handleRequest(null, Object(Config\Cache), false)
 5 FCPATH\index.php(55): CodeIgniter\CodeIgniter->run()
 6 SYSTEMPATH\Commands\Server\rewrite.php(43): require_once('FCPATH\\index.php')
CRITICAL - 2022-10-17 09:37:48 --> Trying to get property 'idpage' of non-object
in APPPATH\Controllers\Sites.php on line 232.
 1 APPPATH\Controllers\Sites.php(232): CodeIgniter\Debug\Exceptions->errorHandler(8, 'Trying to get property \'idpage\' of non-object', 'APPPATH\\Controllers\\Sites.php', 232, [...])
 2 SYSTEMPATH\CodeIgniter.php(896): App\Controllers\Sites->savePage('5')
 3 SYSTEMPATH\CodeIgniter.php(466): CodeIgniter\CodeIgniter->runController(Object(App\Controllers\Sites))
 4 SYSTEMPATH\CodeIgniter.php(349): CodeIgniter\CodeIgniter->handleRequest(null, Object(Config\Cache), false)
 5 FCPATH\index.php(55): CodeIgniter\CodeIgniter->run()
 6 SYSTEMPATH\Commands\Server\rewrite.php(43): require_once('FCPATH\\index.php')
