CRITICAL - 2022-07-26 21:36:42 --> Undefined variable: title
in APPPATH\Views\templates\header.php on line 29.
 1 APPPATH\Views\templates\header.php(29): CodeIgniter\Debug\Exceptions->errorHandler(8, 'Undefined variable: title', 'APPPATH\\Views\\templates\\header.php', 29, [])
 2 SYSTEMPATH\View\View.php(213): include('APPPATH\\Views\\templates\\header.php')
 3 SYSTEMPATH\View\View.php(216): CodeIgniter\View\View->CodeIgniter\View\{closure}()
 4 SYSTEMPATH\Common.php(1135): CodeIgniter\View\View->render('templates/header', [], true)
 5 APPPATH\Controllers\Home.php(30): view('templates/header')
 6 SYSTEMPATH\CodeIgniter.php(896): App\Controllers\Home->anyPage('generator-xml', '1')
 7 SYSTEMPATH\CodeIgniter.php(466): CodeIgniter\CodeIgniter->runController(Object(App\Controllers\Home))
 8 SYSTEMPATH\CodeIgniter.php(349): CodeIgniter\CodeIgniter->handleRequest(null, Object(Config\Cache), false)
 9 FCPATH\index.php(55): CodeIgniter\CodeIgniter->run()
10 SYSTEMPATH\Commands\Server\rewrite.php(43): require_once('FCPATH\\index.php')
CRITICAL - 2022-07-26 21:44:09 --> Undefined variable: idSite
in APPPATH\Controllers\GeneratorXml.php on line 12.
 1 APPPATH\Controllers\GeneratorXml.php(12): CodeIgniter\Debug\Exceptions->errorHandler(8, 'Undefined variable: idSite', 'APPPATH\\Controllers\\GeneratorXml.php', 12, [...])
 2 SYSTEMPATH\CodeIgniter.php(896): App\Controllers\GeneratorXml->index('1')
 3 SYSTEMPATH\CodeIgniter.php(466): CodeIgniter\CodeIgniter->runController(Object(App\Controllers\GeneratorXml))
 4 SYSTEMPATH\CodeIgniter.php(349): CodeIgniter\CodeIgniter->handleRequest(null, Object(Config\Cache), false)
 5 FCPATH\index.php(55): CodeIgniter\CodeIgniter->run()
 6 SYSTEMPATH\Commands\Server\rewrite.php(43): require_once('FCPATH\\index.php')
CRITICAL - 2022-07-26 21:44:28 --> Undefined variable: response
in APPPATH\Controllers\GeneratorXml.php on line 196.
 1 APPPATH\Controllers\GeneratorXml.php(196): CodeIgniter\Debug\Exceptions->errorHandler(8, 'Undefined variable: response', 'APPPATH\\Controllers\\GeneratorXml.php', 196, [...])
 2 SYSTEMPATH\CodeIgniter.php(896): App\Controllers\GeneratorXml->index('1')
 3 SYSTEMPATH\CodeIgniter.php(466): CodeIgniter\CodeIgniter->runController(Object(App\Controllers\GeneratorXml))
 4 SYSTEMPATH\CodeIgniter.php(349): CodeIgniter\CodeIgniter->handleRequest(null, Object(Config\Cache), false)
 5 FCPATH\index.php(55): CodeIgniter\CodeIgniter->run()
 6 SYSTEMPATH\Commands\Server\rewrite.php(43): require_once('FCPATH\\index.php')
