CRITICAL - 2022-08-09 19:33:25 --> Trying to get property 'nodeValue' of non-object
in APPPATH\Libraries\Post.php on line 99.
 1 APPPATH\Libraries\Post.php(99): CodeIgniter\Debug\Exceptions->errorHandler(8, 'Trying to get property \'nodeValue\' of non-object', 'APPPATH\\Libraries\\Post.php', 99, [...])
 2 APPPATH\Controllers\Sites.php(207): App\Libraries\Post->getPostInfo()
 3 SYSTEMPATH\CodeIgniter.php(896): App\Controllers\Sites->savePage('2')
 4 SYSTEMPATH\CodeIgniter.php(466): CodeIgniter\CodeIgniter->runController(Object(App\Controllers\Sites))
 5 SYSTEMPATH\CodeIgniter.php(349): CodeIgniter\CodeIgniter->handleRequest(null, Object(Config\Cache), false)
 6 FCPATH\index.php(55): CodeIgniter\CodeIgniter->run()
 7 SYSTEMPATH\Commands\Server\rewrite.php(43): require_once('FCPATH\\index.php')
CRITICAL - 2022-08-09 19:33:30 --> Trying to get property 'nodeValue' of non-object
in APPPATH\Libraries\Post.php on line 99.
 1 APPPATH\Libraries\Post.php(99): CodeIgniter\Debug\Exceptions->errorHandler(8, 'Trying to get property \'nodeValue\' of non-object', 'APPPATH\\Libraries\\Post.php', 99, [...])
 2 APPPATH\Controllers\Sites.php(207): App\Libraries\Post->getPostInfo()
 3 SYSTEMPATH\CodeIgniter.php(896): App\Controllers\Sites->savePage('2')
 4 SYSTEMPATH\CodeIgniter.php(466): CodeIgniter\CodeIgniter->runController(Object(App\Controllers\Sites))
 5 SYSTEMPATH\CodeIgniter.php(349): CodeIgniter\CodeIgniter->handleRequest(null, Object(Config\Cache), false)
 6 FCPATH\index.php(55): CodeIgniter\CodeIgniter->run()
 7 SYSTEMPATH\Commands\Server\rewrite.php(43): require_once('FCPATH\\index.php')
CRITICAL - 2022-08-09 19:34:02 --> Trying to get property 'nodeValue' of non-object
in APPPATH\Libraries\Post.php on line 99.
 1 APPPATH\Libraries\Post.php(99): CodeIgniter\Debug\Exceptions->errorHandler(8, 'Trying to get property \'nodeValue\' of non-object', 'APPPATH\\Libraries\\Post.php', 99, [...])
 2 APPPATH\Controllers\Sites.php(207): App\Libraries\Post->getPostInfo()
 3 SYSTEMPATH\CodeIgniter.php(896): App\Controllers\Sites->savePage('2')
 4 SYSTEMPATH\CodeIgniter.php(466): CodeIgniter\CodeIgniter->runController(Object(App\Controllers\Sites))
 5 SYSTEMPATH\CodeIgniter.php(349): CodeIgniter\CodeIgniter->handleRequest(null, Object(Config\Cache), false)
 6 FCPATH\index.php(55): CodeIgniter\CodeIgniter->run()
 7 SYSTEMPATH\Commands\Server\rewrite.php(43): require_once('FCPATH\\index.php')
CRITICAL - 2022-08-09 19:41:18 --> Trying to get property 'nodeValue' of non-object
in APPPATH\Libraries\Post.php on line 99.
 1 APPPATH\Libraries\Post.php(99): CodeIgniter\Debug\Exceptions->errorHandler(8, 'Trying to get property \'nodeValue\' of non-object', 'APPPATH\\Libraries\\Post.php', 99, [...])
 2 APPPATH\Controllers\Sites.php(207): App\Libraries\Post->getPostInfo()
 3 SYSTEMPATH\CodeIgniter.php(896): App\Controllers\Sites->savePage('2')
 4 SYSTEMPATH\CodeIgniter.php(466): CodeIgniter\CodeIgniter->runController(Object(App\Controllers\Sites))
 5 SYSTEMPATH\CodeIgniter.php(349): CodeIgniter\CodeIgniter->handleRequest(null, Object(Config\Cache), false)
 6 FCPATH\index.php(55): CodeIgniter\CodeIgniter->run()
 7 SYSTEMPATH\Commands\Server\rewrite.php(43): require_once('FCPATH\\index.php')
CRITICAL - 2022-08-09 19:41:22 --> Trying to get property 'nodeValue' of non-object
in APPPATH\Libraries\Post.php on line 99.
 1 APPPATH\Libraries\Post.php(99): CodeIgniter\Debug\Exceptions->errorHandler(8, 'Trying to get property \'nodeValue\' of non-object', 'APPPATH\\Libraries\\Post.php', 99, [...])
 2 APPPATH\Controllers\Sites.php(207): App\Libraries\Post->getPostInfo()
 3 SYSTEMPATH\CodeIgniter.php(896): App\Controllers\Sites->savePage('2')
 4 SYSTEMPATH\CodeIgniter.php(466): CodeIgniter\CodeIgniter->runController(Object(App\Controllers\Sites))
 5 SYSTEMPATH\CodeIgniter.php(349): CodeIgniter\CodeIgniter->handleRequest(null, Object(Config\Cache), false)
 6 FCPATH\index.php(55): CodeIgniter\CodeIgniter->run()
 7 SYSTEMPATH\Commands\Server\rewrite.php(43): require_once('FCPATH\\index.php')
CRITICAL - 2022-08-09 19:41:25 --> Trying to get property 'nodeValue' of non-object
in APPPATH\Libraries\Post.php on line 99.
 1 APPPATH\Libraries\Post.php(99): CodeIgniter\Debug\Exceptions->errorHandler(8, 'Trying to get property \'nodeValue\' of non-object', 'APPPATH\\Libraries\\Post.php', 99, [...])
 2 APPPATH\Controllers\Sites.php(207): App\Libraries\Post->getPostInfo()
 3 SYSTEMPATH\CodeIgniter.php(896): App\Controllers\Sites->savePage('2')
 4 SYSTEMPATH\CodeIgniter.php(466): CodeIgniter\CodeIgniter->runController(Object(App\Controllers\Sites))
 5 SYSTEMPATH\CodeIgniter.php(349): CodeIgniter\CodeIgniter->handleRequest(null, Object(Config\Cache), false)
 6 FCPATH\index.php(55): CodeIgniter\CodeIgniter->run()
 7 SYSTEMPATH\Commands\Server\rewrite.php(43): require_once('FCPATH\\index.php')
CRITICAL - 2022-08-09 19:46:13 --> Trying to get property 'nodeValue' of non-object
in APPPATH\Libraries\Post.php on line 99.
 1 APPPATH\Libraries\Post.php(99): CodeIgniter\Debug\Exceptions->errorHandler(8, 'Trying to get property \'nodeValue\' of non-object', 'APPPATH\\Libraries\\Post.php', 99, [...])
 2 APPPATH\Controllers\Sites.php(207): App\Libraries\Post->getPostInfo()
 3 SYSTEMPATH\CodeIgniter.php(896): App\Controllers\Sites->savePage('2')
 4 SYSTEMPATH\CodeIgniter.php(466): CodeIgniter\CodeIgniter->runController(Object(App\Controllers\Sites))
 5 SYSTEMPATH\CodeIgniter.php(349): CodeIgniter\CodeIgniter->handleRequest(null, Object(Config\Cache), false)
 6 FCPATH\index.php(55): CodeIgniter\CodeIgniter->run()
 7 SYSTEMPATH\Commands\Server\rewrite.php(43): require_once('FCPATH\\index.php')
CRITICAL - 2022-08-09 19:46:57 --> Trying to get property 'nodeValue' of non-object
in APPPATH\Libraries\Post.php on line 99.
 1 APPPATH\Libraries\Post.php(99): CodeIgniter\Debug\Exceptions->errorHandler(8, 'Trying to get property \'nodeValue\' of non-object', 'APPPATH\\Libraries\\Post.php', 99, [...])
 2 APPPATH\Controllers\Sites.php(207): App\Libraries\Post->getPostInfo()
 3 SYSTEMPATH\CodeIgniter.php(896): App\Controllers\Sites->savePage('2')
 4 SYSTEMPATH\CodeIgniter.php(466): CodeIgniter\CodeIgniter->runController(Object(App\Controllers\Sites))
 5 SYSTEMPATH\CodeIgniter.php(349): CodeIgniter\CodeIgniter->handleRequest(null, Object(Config\Cache), false)
 6 FCPATH\index.php(55): CodeIgniter\CodeIgniter->run()
 7 SYSTEMPATH\Commands\Server\rewrite.php(43): require_once('FCPATH\\index.php')
CRITICAL - 2022-08-09 19:47:00 --> Trying to get property 'nodeValue' of non-object
in APPPATH\Libraries\Post.php on line 99.
 1 APPPATH\Libraries\Post.php(99): CodeIgniter\Debug\Exceptions->errorHandler(8, 'Trying to get property \'nodeValue\' of non-object', 'APPPATH\\Libraries\\Post.php', 99, [...])
 2 APPPATH\Controllers\Sites.php(207): App\Libraries\Post->getPostInfo()
 3 SYSTEMPATH\CodeIgniter.php(896): App\Controllers\Sites->savePage('2')
 4 SYSTEMPATH\CodeIgniter.php(466): CodeIgniter\CodeIgniter->runController(Object(App\Controllers\Sites))
 5 SYSTEMPATH\CodeIgniter.php(349): CodeIgniter\CodeIgniter->handleRequest(null, Object(Config\Cache), false)
 6 FCPATH\index.php(55): CodeIgniter\CodeIgniter->run()
 7 SYSTEMPATH\Commands\Server\rewrite.php(43): require_once('FCPATH\\index.php')
CRITICAL - 2022-08-09 19:47:03 --> Trying to get property 'nodeValue' of non-object
in APPPATH\Libraries\Post.php on line 99.
 1 APPPATH\Libraries\Post.php(99): CodeIgniter\Debug\Exceptions->errorHandler(8, 'Trying to get property \'nodeValue\' of non-object', 'APPPATH\\Libraries\\Post.php', 99, [...])
 2 APPPATH\Controllers\Sites.php(207): App\Libraries\Post->getPostInfo()
 3 SYSTEMPATH\CodeIgniter.php(896): App\Controllers\Sites->savePage('2')
 4 SYSTEMPATH\CodeIgniter.php(466): CodeIgniter\CodeIgniter->runController(Object(App\Controllers\Sites))
 5 SYSTEMPATH\CodeIgniter.php(349): CodeIgniter\CodeIgniter->handleRequest(null, Object(Config\Cache), false)
 6 FCPATH\index.php(55): CodeIgniter\CodeIgniter->run()
 7 SYSTEMPATH\Commands\Server\rewrite.php(43): require_once('FCPATH\\index.php')
CRITICAL - 2022-08-09 19:47:05 --> Trying to get property 'nodeValue' of non-object
in APPPATH\Libraries\Post.php on line 99.
 1 APPPATH\Libraries\Post.php(99): CodeIgniter\Debug\Exceptions->errorHandler(8, 'Trying to get property \'nodeValue\' of non-object', 'APPPATH\\Libraries\\Post.php', 99, [...])
 2 APPPATH\Controllers\Sites.php(207): App\Libraries\Post->getPostInfo()
 3 SYSTEMPATH\CodeIgniter.php(896): App\Controllers\Sites->savePage('2')
 4 SYSTEMPATH\CodeIgniter.php(466): CodeIgniter\CodeIgniter->runController(Object(App\Controllers\Sites))
 5 SYSTEMPATH\CodeIgniter.php(349): CodeIgniter\CodeIgniter->handleRequest(null, Object(Config\Cache), false)
 6 FCPATH\index.php(55): CodeIgniter\CodeIgniter->run()
 7 SYSTEMPATH\Commands\Server\rewrite.php(43): require_once('FCPATH\\index.php')
CRITICAL - 2022-08-09 19:47:08 --> Trying to get property 'nodeValue' of non-object
in APPPATH\Libraries\Post.php on line 99.
 1 APPPATH\Libraries\Post.php(99): CodeIgniter\Debug\Exceptions->errorHandler(8, 'Trying to get property \'nodeValue\' of non-object', 'APPPATH\\Libraries\\Post.php', 99, [...])
 2 APPPATH\Controllers\Sites.php(207): App\Libraries\Post->getPostInfo()
 3 SYSTEMPATH\CodeIgniter.php(896): App\Controllers\Sites->savePage('2')
 4 SYSTEMPATH\CodeIgniter.php(466): CodeIgniter\CodeIgniter->runController(Object(App\Controllers\Sites))
 5 SYSTEMPATH\CodeIgniter.php(349): CodeIgniter\CodeIgniter->handleRequest(null, Object(Config\Cache), false)
 6 FCPATH\index.php(55): CodeIgniter\CodeIgniter->run()
 7 SYSTEMPATH\Commands\Server\rewrite.php(43): require_once('FCPATH\\index.php')
