CRITICAL - 2022-07-22 09:44:44 --> syntax error, unexpected '{'
in APPPATH\Controllers\Sites.php on line 139.
 1 SYSTEMPATH\Autoloader\Autoloader.php(261): CodeIgniter\Autoloader\Autoloader->includeFile('APPPATH\\Controllers\\Sites.php')
 2 SYSTEMPATH\Autoloader\Autoloader.php(239): CodeIgniter\Autoloader\Autoloader->loadInNamespace('App\\Controllers\\Sites')
 3 [internal function]: CodeIgniter\Autoloader\Autoloader->loadClass('App\\Controllers\\Sites')
 4 [internal function]: spl_autoload_call('App\\Controllers\\Sites')
 5 SYSTEMPATH\CodeIgniter.php(846): class_exists('\\App\\Controllers\\Sites', true)
 6 SYSTEMPATH\CodeIgniter.php(453): CodeIgniter\CodeIgniter->startController()
 7 SYSTEMPATH\CodeIgniter.php(349): CodeIgniter\CodeIgniter->handleRequest(null, Object(Config\Cache), false)
 8 FCPATH\index.php(55): CodeIgniter\CodeIgniter->run()
 9 SYSTEMPATH\Commands\Server\rewrite.php(43): require_once('FCPATH\\index.php')
CRITICAL - 2022-07-22 10:03:51 --> Trying to get property 'url' of non-object
in APPPATH\Controllers\Sites.php on line 134.
 1 APPPATH\Controllers\Sites.php(134): CodeIgniter\Debug\Exceptions->errorHandler(8, 'Trying to get property \'url\' of non-object', 'APPPATH\\Controllers\\Sites.php', 134, [...])
 2 SYSTEMPATH\CodeIgniter.php(896): App\Controllers\Sites->scanXML('1')
 3 SYSTEMPATH\CodeIgniter.php(466): CodeIgniter\CodeIgniter->runController(Object(App\Controllers\Sites))
 4 SYSTEMPATH\CodeIgniter.php(349): CodeIgniter\CodeIgniter->handleRequest(null, Object(Config\Cache), false)
 5 FCPATH\index.php(55): CodeIgniter\CodeIgniter->run()
 6 SYSTEMPATH\Commands\Server\rewrite.php(43): require_once('FCPATH\\index.php')
CRITICAL - 2022-07-22 10:05:17 --> Undefined variable: savePages
in APPPATH\Controllers\Sites.php on line 137.
 1 APPPATH\Controllers\Sites.php(137): CodeIgniter\Debug\Exceptions->errorHandler(8, 'Undefined variable: savePages', 'APPPATH\\Controllers\\Sites.php', 137, [...])
 2 SYSTEMPATH\CodeIgniter.php(896): App\Controllers\Sites->scanXML('1')
 3 SYSTEMPATH\CodeIgniter.php(466): CodeIgniter\CodeIgniter->runController(Object(App\Controllers\Sites))
 4 SYSTEMPATH\CodeIgniter.php(349): CodeIgniter\CodeIgniter->handleRequest(null, Object(Config\Cache), false)
 5 FCPATH\index.php(55): CodeIgniter\CodeIgniter->run()
 6 SYSTEMPATH\Commands\Server\rewrite.php(43): require_once('FCPATH\\index.php')
CRITICAL - 2022-07-22 10:05:37 --> Call to undefined function App\Controllers\push()
in APPPATH\Controllers\Sites.php on line 143.
 1 SYSTEMPATH\CodeIgniter.php(896): App\Controllers\Sites->scanXML('1')
 2 SYSTEMPATH\CodeIgniter.php(466): CodeIgniter\CodeIgniter->runController(Object(App\Controllers\Sites))
 3 SYSTEMPATH\CodeIgniter.php(349): CodeIgniter\CodeIgniter->handleRequest(null, Object(Config\Cache), false)
 4 FCPATH\index.php(55): CodeIgniter\CodeIgniter->run()
 5 SYSTEMPATH\Commands\Server\rewrite.php(43): require_once('FCPATH\\index.php')
CRITICAL - 2022-07-22 10:06:14 --> Call to a member function push() on array
in APPPATH\Controllers\Sites.php on line 143.
 1 SYSTEMPATH\CodeIgniter.php(896): App\Controllers\Sites->scanXML('1')
 2 SYSTEMPATH\CodeIgniter.php(466): CodeIgniter\CodeIgniter->runController(Object(App\Controllers\Sites))
 3 SYSTEMPATH\CodeIgniter.php(349): CodeIgniter\CodeIgniter->handleRequest(null, Object(Config\Cache), false)
 4 FCPATH\index.php(55): CodeIgniter\CodeIgniter->run()
 5 SYSTEMPATH\Commands\Server\rewrite.php(43): require_once('FCPATH\\index.php')
CRITICAL - 2022-07-22 10:07:21 --> Undefined property: stdClass::$lastmod
in APPPATH\Views\reviewXML.php on line 34.
 1 APPPATH\Views\reviewXML.php(34): CodeIgniter\Debug\Exceptions->errorHandler(8, 'Undefined property: stdClass::$lastmod', 'APPPATH\\Views\\reviewXML.php', 34, [...])
 2 SYSTEMPATH\View\View.php(213): include('APPPATH\\Views\\reviewXML.php')
 3 SYSTEMPATH\View\View.php(216): CodeIgniter\View\View->CodeIgniter\View\{closure}()
 4 SYSTEMPATH\Common.php(1135): CodeIgniter\View\View->render('reviewXML', [], true)
 5 APPPATH\Controllers\Sites.php(152): view('reviewXML', [...])
 6 SYSTEMPATH\CodeIgniter.php(896): App\Controllers\Sites->scanXML('1')
 7 SYSTEMPATH\CodeIgniter.php(466): CodeIgniter\CodeIgniter->runController(Object(App\Controllers\Sites))
 8 SYSTEMPATH\CodeIgniter.php(349): CodeIgniter\CodeIgniter->handleRequest(null, Object(Config\Cache), false)
 9 FCPATH\index.php(55): CodeIgniter\CodeIgniter->run()
10 SYSTEMPATH\Commands\Server\rewrite.php(43): require_once('FCPATH\\index.php')
CRITICAL - 2022-07-22 10:07:59 --> Trying to get property 'loc' of non-object
in APPPATH\Views\reviewXML.php on line 33.
 1 APPPATH\Views\reviewXML.php(33): CodeIgniter\Debug\Exceptions->errorHandler(8, 'Trying to get property \'loc\' of non-object', 'APPPATH\\Views\\reviewXML.php', 33, [...])
 2 SYSTEMPATH\View\View.php(213): include('APPPATH\\Views\\reviewXML.php')
 3 SYSTEMPATH\View\View.php(216): CodeIgniter\View\View->CodeIgniter\View\{closure}()
 4 SYSTEMPATH\Common.php(1135): CodeIgniter\View\View->render('reviewXML', [], true)
 5 APPPATH\Controllers\Sites.php(152): view('reviewXML', [...])
 6 SYSTEMPATH\CodeIgniter.php(896): App\Controllers\Sites->scanXML('1')
 7 SYSTEMPATH\CodeIgniter.php(466): CodeIgniter\CodeIgniter->runController(Object(App\Controllers\Sites))
 8 SYSTEMPATH\CodeIgniter.php(349): CodeIgniter\CodeIgniter->handleRequest(null, Object(Config\Cache), false)
 9 FCPATH\index.php(55): CodeIgniter\CodeIgniter->run()
10 SYSTEMPATH\Commands\Server\rewrite.php(43): require_once('FCPATH\\index.php')
CRITICAL - 2022-07-22 10:11:49 --> Class 'App\Controllers\stdClass' not found
in APPPATH\Controllers\Sites.php on line 148.
 1 SYSTEMPATH\CodeIgniter.php(896): App\Controllers\Sites->scanXML('1')
 2 SYSTEMPATH\CodeIgniter.php(466): CodeIgniter\CodeIgniter->runController(Object(App\Controllers\Sites))
 3 SYSTEMPATH\CodeIgniter.php(349): CodeIgniter\CodeIgniter->handleRequest(null, Object(Config\Cache), false)
 4 FCPATH\index.php(55): CodeIgniter\CodeIgniter->run()
 5 SYSTEMPATH\Commands\Server\rewrite.php(43): require_once('FCPATH\\index.php')
CRITICAL - 2022-07-22 10:12:35 --> Trying to get property 'isSaved' of non-object
in APPPATH\Views\reviewXML.php on line 37.
 1 APPPATH\Views\reviewXML.php(37): CodeIgniter\Debug\Exceptions->errorHandler(8, 'Trying to get property \'isSaved\' of non-object', 'APPPATH\\Views\\reviewXML.php', 37, [...])
 2 SYSTEMPATH\View\View.php(213): include('APPPATH\\Views\\reviewXML.php')
 3 SYSTEMPATH\View\View.php(216): CodeIgniter\View\View->CodeIgniter\View\{closure}()
 4 SYSTEMPATH\Common.php(1135): CodeIgniter\View\View->render('reviewXML', [], true)
 5 APPPATH\Controllers\Sites.php(163): view('reviewXML', [...])
 6 SYSTEMPATH\CodeIgniter.php(896): App\Controllers\Sites->scanXML('1')
 7 SYSTEMPATH\CodeIgniter.php(466): CodeIgniter\CodeIgniter->runController(Object(App\Controllers\Sites))
 8 SYSTEMPATH\CodeIgniter.php(349): CodeIgniter\CodeIgniter->handleRequest(null, Object(Config\Cache), false)
 9 FCPATH\index.php(55): CodeIgniter\CodeIgniter->run()
10 SYSTEMPATH\Commands\Server\rewrite.php(43): require_once('FCPATH\\index.php')
CRITICAL - 2022-07-22 11:11:11 --> Allowed fields must be specified for model: App\Models\PagesModel
in SYSTEMPATH\BaseModel.php on line 1138.
 1 SYSTEMPATH\BaseModel.php(1138): CodeIgniter\Database\Exceptions\DataException::forInvalidAllowedFields('App\\Models\\PagesModel')
 2 SYSTEMPATH\BaseModel.php(713): CodeIgniter\BaseModel->doProtectFields([...])
 3 SYSTEMPATH\Model.php(666): CodeIgniter\BaseModel->insert([...], true)
 4 APPPATH\Controllers\Sites.php(183): CodeIgniter\Model->insert([...])
 5 SYSTEMPATH\CodeIgniter.php(896): App\Controllers\Sites->savePage('1')
 6 SYSTEMPATH\CodeIgniter.php(466): CodeIgniter\CodeIgniter->runController(Object(App\Controllers\Sites))
 7 SYSTEMPATH\CodeIgniter.php(349): CodeIgniter\CodeIgniter->handleRequest(null, Object(Config\Cache), false)
 8 FCPATH\index.php(55): CodeIgniter\CodeIgniter->run()
 9 SYSTEMPATH\Commands\Server\rewrite.php(43): require_once('FCPATH\\index.php')
ERROR - 2022-07-22 11:12:55 --> Cannot add or update a child row: a foreign key constraint fails (`site-saver-tw`.`page`, CONSTRAINT `fk_relationship_1` FOREIGN KEY (`idsite`) REFERENCES `site` (`idsite`))
CRITICAL - 2022-07-22 11:12:55 --> Cannot add or update a child row: a foreign key constraint fails (`site-saver-tw`.`page`, CONSTRAINT `fk_relationship_1` FOREIGN KEY (`idsite`) REFERENCES `site` (`idsite`))
in SYSTEMPATH\Database\MySQLi\Connection.php on line 292.
 1 SYSTEMPATH\Database\MySQLi\Connection.php(292): mysqli->query('INSERT INTO `page` (`title`, `descriptionpage`, `path`, `content`, `lastmod`, `priority`, `act`) VALUES (\'test\', \'test description\', \'pubg\', \'test content\', \'2020-09-02T06:33:31Z\', \'                                                   0.5\', 1)', 0)
 2 SYSTEMPATH\Database\BaseConnection.php(695): CodeIgniter\Database\MySQLi\Connection->execute('INSERT INTO `page` (`title`, `descriptionpage`, `path`, `content`, `lastmod`, `priority`, `act`) VALUES (\'test\', \'test description\', \'pubg\', \'test content\', \'2020-09-02T06:33:31Z\', \'                                                   0.5\', 1)')
 3 SYSTEMPATH\Database\BaseConnection.php(609): CodeIgniter\Database\BaseConnection->simpleQuery('INSERT INTO `page` (`title`, `descriptionpage`, `path`, `content`, `lastmod`, `priority`, `act`) VALUES (\'test\', \'test description\', \'pubg\', \'test content\', \'2020-09-02T06:33:31Z\', \'                                                   0.5\', 1)')
 4 SYSTEMPATH\Database\BaseBuilder.php(1904): CodeIgniter\Database\BaseConnection->query('INSERT INTO `page` (`title`, `descriptionpage`, `path`, `content`, `lastmod`, `priority`, `act`) VALUES (:title:, :descriptionpage:, :path:, :content:, :lastmod:, :priority:, :act:)', [...], false)
 5 SYSTEMPATH\Model.php(278): CodeIgniter\Database\BaseBuilder->insert()
 6 SYSTEMPATH\BaseModel.php(738): CodeIgniter\Model->doInsert([...])
 7 SYSTEMPATH\Model.php(666): CodeIgniter\BaseModel->insert([...], true)
 8 APPPATH\Controllers\Sites.php(183): CodeIgniter\Model->insert([...])
 9 SYSTEMPATH\CodeIgniter.php(896): App\Controllers\Sites->savePage('1')
10 SYSTEMPATH\CodeIgniter.php(466): CodeIgniter\CodeIgniter->runController(Object(App\Controllers\Sites))
11 SYSTEMPATH\CodeIgniter.php(349): CodeIgniter\CodeIgniter->handleRequest(null, Object(Config\Cache), false)
12 FCPATH\index.php(55): CodeIgniter\CodeIgniter->run()
13 SYSTEMPATH\Commands\Server\rewrite.php(43): require_once('FCPATH\\index.php')
CRITICAL - 2022-07-22 14:44:59 --> syntax error, unexpected '}'
in APPPATH\Controllers\Sites.php on line 143.
 1 SYSTEMPATH\Autoloader\Autoloader.php(261): CodeIgniter\Autoloader\Autoloader->includeFile('APPPATH\\Controllers\\Sites.php')
 2 SYSTEMPATH\Autoloader\Autoloader.php(239): CodeIgniter\Autoloader\Autoloader->loadInNamespace('App\\Controllers\\Sites')
 3 [internal function]: CodeIgniter\Autoloader\Autoloader->loadClass('App\\Controllers\\Sites')
 4 [internal function]: spl_autoload_call('App\\Controllers\\Sites')
 5 SYSTEMPATH\CodeIgniter.php(846): class_exists('\\App\\Controllers\\Sites', true)
 6 SYSTEMPATH\CodeIgniter.php(453): CodeIgniter\CodeIgniter->startController()
 7 SYSTEMPATH\CodeIgniter.php(349): CodeIgniter\CodeIgniter->handleRequest(null, Object(Config\Cache), false)
 8 FCPATH\index.php(55): CodeIgniter\CodeIgniter->run()
 9 SYSTEMPATH\Commands\Server\rewrite.php(43): require_once('FCPATH\\index.php')
ERROR - 2022-07-22 15:04:54 --> Duplicate entry '0' for key 'PRIMARY'
CRITICAL - 2022-07-22 15:04:54 --> Duplicate entry '0' for key 'PRIMARY'
in SYSTEMPATH\Database\MySQLi\Connection.php on line 292.
 1 SYSTEMPATH\Database\MySQLi\Connection.php(292): mysqli->query('INSERT INTO `page` (`idsite`, `title`, `descriptionpage`, `path`, `content`, `lastmod`, `priority`, `act`) VALUES (\'1\', \'test\', \'test description\', \'csgo/tournaments/esl-pro-league-season-12-europe\', \'test content\', \'2020-08-31T14:40:39Z\', \'                                                   0.5\', 1)', 0)
 2 SYSTEMPATH\Database\BaseConnection.php(695): CodeIgniter\Database\MySQLi\Connection->execute('INSERT INTO `page` (`idsite`, `title`, `descriptionpage`, `path`, `content`, `lastmod`, `priority`, `act`) VALUES (\'1\', \'test\', \'test description\', \'csgo/tournaments/esl-pro-league-season-12-europe\', \'test content\', \'2020-08-31T14:40:39Z\', \'                                                   0.5\', 1)')
 3 SYSTEMPATH\Database\BaseConnection.php(609): CodeIgniter\Database\BaseConnection->simpleQuery('INSERT INTO `page` (`idsite`, `title`, `descriptionpage`, `path`, `content`, `lastmod`, `priority`, `act`) VALUES (\'1\', \'test\', \'test description\', \'csgo/tournaments/esl-pro-league-season-12-europe\', \'test content\', \'2020-08-31T14:40:39Z\', \'                                                   0.5\', 1)')
 4 SYSTEMPATH\Database\BaseBuilder.php(1904): CodeIgniter\Database\BaseConnection->query('INSERT INTO `page` (`idsite`, `title`, `descriptionpage`, `path`, `content`, `lastmod`, `priority`, `act`) VALUES (:idsite:, :title:, :descriptionpage:, :path:, :content:, :lastmod:, :priority:, :act:)', [...], false)
 5 SYSTEMPATH\Model.php(278): CodeIgniter\Database\BaseBuilder->insert()
 6 SYSTEMPATH\BaseModel.php(738): CodeIgniter\Model->doInsert([...])
 7 SYSTEMPATH\Model.php(666): CodeIgniter\BaseModel->insert([...], true)
 8 APPPATH\Controllers\Sites.php(192): CodeIgniter\Model->insert([...])
 9 SYSTEMPATH\CodeIgniter.php(896): App\Controllers\Sites->savePage('1')
10 SYSTEMPATH\CodeIgniter.php(466): CodeIgniter\CodeIgniter->runController(Object(App\Controllers\Sites))
11 SYSTEMPATH\CodeIgniter.php(349): CodeIgniter\CodeIgniter->handleRequest(null, Object(Config\Cache), false)
12 FCPATH\index.php(55): CodeIgniter\CodeIgniter->run()
13 SYSTEMPATH\Commands\Server\rewrite.php(43): require_once('FCPATH\\index.php')
ERROR - 2022-07-22 15:06:26 --> Duplicate entry '0' for key 'PRIMARY'
CRITICAL - 2022-07-22 15:06:26 --> Duplicate entry '0' for key 'PRIMARY'
in SYSTEMPATH\Database\MySQLi\Connection.php on line 292.
 1 SYSTEMPATH\Database\MySQLi\Connection.php(292): mysqli->query('INSERT INTO `page` (`idsite`, `title`, `descriptionpage`, `path`, `content`, `lastmod`, `priority`, `act`) VALUES (\'1\', \'test\', \'test description\', \'csgo/tournaments/esl-pro-league-season-12-europe\', \'test content\', \'2020-08-31T14:40:39Z\', \'                                                   0.5\', 1)', 0)
 2 SYSTEMPATH\Database\BaseConnection.php(695): CodeIgniter\Database\MySQLi\Connection->execute('INSERT INTO `page` (`idsite`, `title`, `descriptionpage`, `path`, `content`, `lastmod`, `priority`, `act`) VALUES (\'1\', \'test\', \'test description\', \'csgo/tournaments/esl-pro-league-season-12-europe\', \'test content\', \'2020-08-31T14:40:39Z\', \'                                                   0.5\', 1)')
 3 SYSTEMPATH\Database\BaseConnection.php(609): CodeIgniter\Database\BaseConnection->simpleQuery('INSERT INTO `page` (`idsite`, `title`, `descriptionpage`, `path`, `content`, `lastmod`, `priority`, `act`) VALUES (\'1\', \'test\', \'test description\', \'csgo/tournaments/esl-pro-league-season-12-europe\', \'test content\', \'2020-08-31T14:40:39Z\', \'                                                   0.5\', 1)')
 4 SYSTEMPATH\Database\BaseBuilder.php(1904): CodeIgniter\Database\BaseConnection->query('INSERT INTO `page` (`idsite`, `title`, `descriptionpage`, `path`, `content`, `lastmod`, `priority`, `act`) VALUES (:idsite:, :title:, :descriptionpage:, :path:, :content:, :lastmod:, :priority:, :act:)', [...], false)
 5 SYSTEMPATH\Model.php(278): CodeIgniter\Database\BaseBuilder->insert()
 6 SYSTEMPATH\BaseModel.php(738): CodeIgniter\Model->doInsert([...])
 7 SYSTEMPATH\Model.php(666): CodeIgniter\BaseModel->insert([...], true)
 8 APPPATH\Controllers\Sites.php(192): CodeIgniter\Model->insert([...])
 9 SYSTEMPATH\CodeIgniter.php(896): App\Controllers\Sites->savePage('1')
10 SYSTEMPATH\CodeIgniter.php(466): CodeIgniter\CodeIgniter->runController(Object(App\Controllers\Sites))
11 SYSTEMPATH\CodeIgniter.php(349): CodeIgniter\CodeIgniter->handleRequest(null, Object(Config\Cache), false)
12 FCPATH\index.php(55): CodeIgniter\CodeIgniter->run()
13 SYSTEMPATH\Commands\Server\rewrite.php(43): require_once('FCPATH\\index.php')
CRITICAL - 2022-07-22 16:23:48 --> Object of class stdClass could not be converted to string
in APPPATH\Controllers\Sites.php on line 185.
 1 SYSTEMPATH\CodeIgniter.php(896): App\Controllers\Sites->savePage('1')
 2 SYSTEMPATH\CodeIgniter.php(466): CodeIgniter\CodeIgniter->runController(Object(App\Controllers\Sites))
 3 SYSTEMPATH\CodeIgniter.php(349): CodeIgniter\CodeIgniter->handleRequest(null, Object(Config\Cache), false)
 4 FCPATH\index.php(55): CodeIgniter\CodeIgniter->run()
 5 SYSTEMPATH\Commands\Server\rewrite.php(43): require_once('FCPATH\\index.php')
CRITICAL - 2022-07-22 16:24:49 --> Class 'App\Libraries\Post' not found
in APPPATH\Controllers\Sites.php on line 189.
 1 SYSTEMPATH\CodeIgniter.php(896): App\Controllers\Sites->savePage('1')
 2 SYSTEMPATH\CodeIgniter.php(466): CodeIgniter\CodeIgniter->runController(Object(App\Controllers\Sites))
 3 SYSTEMPATH\CodeIgniter.php(349): CodeIgniter\CodeIgniter->handleRequest(null, Object(Config\Cache), false)
 4 FCPATH\index.php(55): CodeIgniter\CodeIgniter->run()
 5 SYSTEMPATH\Commands\Server\rewrite.php(43): require_once('FCPATH\\index.php')
CRITICAL - 2022-07-22 16:29:59 --> Class 'App\Libraries\DOMDocument' not found
in APPPATH\Libraries\Post.php on line 32.
 1 APPPATH\Controllers\Sites.php(219): App\Libraries\Post->getPostInfo()
 2 SYSTEMPATH\CodeIgniter.php(896): App\Controllers\Sites->testJson()
 3 SYSTEMPATH\CodeIgniter.php(466): CodeIgniter\CodeIgniter->runController(Object(App\Controllers\Sites))
 4 SYSTEMPATH\CodeIgniter.php(349): CodeIgniter\CodeIgniter->handleRequest(null, Object(Config\Cache), false)
 5 FCPATH\index.php(55): CodeIgniter\CodeIgniter->run()
 6 SYSTEMPATH\Commands\Server\rewrite.php(43): require_once('FCPATH\\index.php')
CRITICAL - 2022-07-22 16:31:39 --> Class 'App\Libraries\DOMXPath' not found
in APPPATH\Libraries\Post.php on line 49.
 1 APPPATH\Controllers\Sites.php(219): App\Libraries\Post->getPostInfo()
 2 SYSTEMPATH\CodeIgniter.php(896): App\Controllers\Sites->testJson()
 3 SYSTEMPATH\CodeIgniter.php(466): CodeIgniter\CodeIgniter->runController(Object(App\Controllers\Sites))
 4 SYSTEMPATH\CodeIgniter.php(349): CodeIgniter\CodeIgniter->handleRequest(null, Object(Config\Cache), false)
 5 FCPATH\index.php(55): CodeIgniter\CodeIgniter->run()
 6 SYSTEMPATH\Commands\Server\rewrite.php(43): require_once('FCPATH\\index.php')
