CRITICAL - 2022-07-25 11:30:43 --> Trying to get property 'url' of non-object
in APPPATH\Controllers\Sites.php on line 214.
 1 APPPATH\Controllers\Sites.php(214): CodeIgniter\Debug\Exceptions->errorHandler(8, 'Trying to get property \'url\' of non-object', 'APPPATH\\Controllers\\Sites.php', 214, [...])
 2 SYSTEMPATH\CodeIgniter.php(896): App\Controllers\Sites->savePage('1')
 3 SYSTEMPATH\CodeIgniter.php(466): CodeIgniter\CodeIgniter->runController(Object(App\Controllers\Sites))
 4 SYSTEMPATH\CodeIgniter.php(349): CodeIgniter\CodeIgniter->handleRequest(null, Object(Config\Cache), false)
 5 FCPATH\index.php(55): CodeIgniter\CodeIgniter->run()
 6 SYSTEMPATH\Commands\Server\rewrite.php(43): require_once('FCPATH\\index.php')
CRITICAL - 2022-07-25 11:36:35 --> Trying to get property 'url' of non-object
in APPPATH\Controllers\Sites.php on line 215.
 1 APPPATH\Controllers\Sites.php(215): CodeIgniter\Debug\Exceptions->errorHandler(8, 'Trying to get property \'url\' of non-object', 'APPPATH\\Controllers\\Sites.php', 215, [...])
 2 SYSTEMPATH\CodeIgniter.php(896): App\Controllers\Sites->savePage('1')
 3 SYSTEMPATH\CodeIgniter.php(466): CodeIgniter\CodeIgniter->runController(Object(App\Controllers\Sites))
 4 SYSTEMPATH\CodeIgniter.php(349): CodeIgniter\CodeIgniter->handleRequest(null, Object(Config\Cache), false)
 5 FCPATH\index.php(55): CodeIgniter\CodeIgniter->run()
 6 SYSTEMPATH\Commands\Server\rewrite.php(43): require_once('FCPATH\\index.php')
CRITICAL - 2022-07-25 11:53:24 --> Trying to get property 'idimage' of non-object
in APPPATH\Controllers\Sites.php on line 219.
 1 APPPATH\Controllers\Sites.php(219): CodeIgniter\Debug\Exceptions->errorHandler(8, 'Trying to get property \'idimage\' of non-object', 'APPPATH\\Controllers\\Sites.php', 219, [...])
 2 SYSTEMPATH\CodeIgniter.php(896): App\Controllers\Sites->savePage('1')
 3 SYSTEMPATH\CodeIgniter.php(466): CodeIgniter\CodeIgniter->runController(Object(App\Controllers\Sites))
 4 SYSTEMPATH\CodeIgniter.php(349): CodeIgniter\CodeIgniter->handleRequest(null, Object(Config\Cache), false)
 5 FCPATH\index.php(55): CodeIgniter\CodeIgniter->run()
 6 SYSTEMPATH\Commands\Server\rewrite.php(43): require_once('FCPATH\\index.php')
CRITICAL - 2022-07-25 11:59:07 --> Trying to get property 'idimage' of non-object
in APPPATH\Controllers\Sites.php on line 220.
 1 APPPATH\Controllers\Sites.php(220): CodeIgniter\Debug\Exceptions->errorHandler(8, 'Trying to get property \'idimage\' of non-object', 'APPPATH\\Controllers\\Sites.php', 220, [...])
 2 SYSTEMPATH\CodeIgniter.php(896): App\Controllers\Sites->savePage('1')
 3 SYSTEMPATH\CodeIgniter.php(466): CodeIgniter\CodeIgniter->runController(Object(App\Controllers\Sites))
 4 SYSTEMPATH\CodeIgniter.php(349): CodeIgniter\CodeIgniter->handleRequest(null, Object(Config\Cache), false)
 5 FCPATH\index.php(55): CodeIgniter\CodeIgniter->run()
 6 SYSTEMPATH\Commands\Server\rewrite.php(43): require_once('FCPATH\\index.php')
CRITICAL - 2022-07-25 15:14:28 --> Undefined variable: imagesModel
in APPPATH\Controllers\Sites.php on line 197.
 1 APPPATH\Controllers\Sites.php(197): CodeIgniter\Debug\Exceptions->errorHandler(8, 'Undefined variable: imagesModel', 'APPPATH\\Controllers\\Sites.php', 197, [...])
 2 SYSTEMPATH\CodeIgniter.php(896): App\Controllers\Sites->savePage('1')
 3 SYSTEMPATH\CodeIgniter.php(466): CodeIgniter\CodeIgniter->runController(Object(App\Controllers\Sites))
 4 SYSTEMPATH\CodeIgniter.php(349): CodeIgniter\CodeIgniter->handleRequest(null, Object(Config\Cache), false)
 5 FCPATH\index.php(55): CodeIgniter\CodeIgniter->run()
 6 SYSTEMPATH\Commands\Server\rewrite.php(43): require_once('FCPATH\\index.php')
CRITICAL - 2022-07-25 17:01:12 --> Undefined variable: db
in APPPATH\Models\ImagesModel.php on line 30.
 1 APPPATH\Models\ImagesModel.php(30): CodeIgniter\Debug\Exceptions->errorHandler(8, 'Undefined variable: db', 'APPPATH\\Models\\ImagesModel.php', 30, [...])
 2 APPPATH\Controllers\Sites.php(76): App\Models\ImagesModel->imagesByPage('19')
 3 SYSTEMPATH\CodeIgniter.php(896): App\Controllers\Sites->viewPage('19')
 4 SYSTEMPATH\CodeIgniter.php(466): CodeIgniter\CodeIgniter->runController(Object(App\Controllers\Sites))
 5 SYSTEMPATH\CodeIgniter.php(349): CodeIgniter\CodeIgniter->handleRequest(null, Object(Config\Cache), false)
 6 FCPATH\index.php(55): CodeIgniter\CodeIgniter->run()
 7 SYSTEMPATH\Commands\Server\rewrite.php(43): require_once('FCPATH\\index.php')
