CRITICAL - 2022-07-21 10:32:40 --> Invalid file: scanXML.php
in SYSTEMPATH\Exceptions\FrameworkException.php on line 33.
 1 SYSTEMPATH\View\View.php(201): CodeIgniter\Exceptions\FrameworkException::forInvalidFile('scanXML.php')
 2 SYSTEMPATH\Common.php(1135): CodeIgniter\View\View->render('scanXML', [], true)
 3 APPPATH\Controllers\Sites.php(118): view('scanXML', [...])
 4 SYSTEMPATH\CodeIgniter.php(896): App\Controllers\Sites->scanXML('1')
 5 SYSTEMPATH\CodeIgniter.php(466): CodeIgniter\CodeIgniter->runController(Object(App\Controllers\Sites))
 6 SYSTEMPATH\CodeIgniter.php(349): CodeIgniter\CodeIgniter->handleRequest(null, Object(Config\Cache), false)
 7 FCPATH\index.php(55): CodeIgniter\CodeIgniter->run()
 8 SYSTEMPATH\Commands\Server\rewrite.php(43): require_once('FCPATH\\index.php')
CRITICAL - 2022-07-21 10:33:56 --> Invalid file: scanXML.php
in SYSTEMPATH\Exceptions\FrameworkException.php on line 33.
 1 SYSTEMPATH\View\View.php(201): CodeIgniter\Exceptions\FrameworkException::forInvalidFile('scanXML.php')
 2 SYSTEMPATH\Common.php(1135): CodeIgniter\View\View->render('scanXML', [], true)
 3 APPPATH\Controllers\Sites.php(118): view('scanXML', [...])
 4 SYSTEMPATH\CodeIgniter.php(896): App\Controllers\Sites->scanXML()
 5 SYSTEMPATH\CodeIgniter.php(466): CodeIgniter\CodeIgniter->runController(Object(App\Controllers\Sites))
 6 SYSTEMPATH\CodeIgniter.php(349): CodeIgniter\CodeIgniter->handleRequest(null, Object(Config\Cache), false)
 7 FCPATH\index.php(55): CodeIgniter\CodeIgniter->run()
 8 SYSTEMPATH\Commands\Server\rewrite.php(43): require_once('FCPATH\\index.php')
CRITICAL - 2022-07-21 12:51:22 --> Undefined variable: idsite
in APPPATH\Views\reviewXML.php on line 9.
 1 APPPATH\Views\reviewXML.php(9): CodeIgniter\Debug\Exceptions->errorHandler(8, 'Undefined variable: idsite', 'APPPATH\\Views\\reviewXML.php', 9, [...])
 2 SYSTEMPATH\View\View.php(213): include('APPPATH\\Views\\reviewXML.php')
 3 SYSTEMPATH\View\View.php(216): CodeIgniter\View\View->CodeIgniter\View\{closure}()
 4 SYSTEMPATH\Common.php(1135): CodeIgniter\View\View->render('reviewXML', [], true)
 5 APPPATH\Controllers\Sites.php(127): view('reviewXML', [...])
 6 SYSTEMPATH\CodeIgniter.php(896): App\Controllers\Sites->scanXML('1')
 7 SYSTEMPATH\CodeIgniter.php(466): CodeIgniter\CodeIgniter->runController(Object(App\Controllers\Sites))
 8 SYSTEMPATH\CodeIgniter.php(349): CodeIgniter\CodeIgniter->handleRequest(null, Object(Config\Cache), false)
 9 FCPATH\index.php(55): CodeIgniter\CodeIgniter->run()
10 SYSTEMPATH\Commands\Server\rewrite.php(43): require_once('FCPATH\\index.php')
CRITICAL - 2022-07-21 12:51:57 --> Undefined variable: site
in APPPATH\Views\reviewXML.php on line 9.
 1 APPPATH\Views\reviewXML.php(9): CodeIgniter\Debug\Exceptions->errorHandler(8, 'Undefined variable: site', 'APPPATH\\Views\\reviewXML.php', 9, [...])
 2 SYSTEMPATH\View\View.php(213): include('APPPATH\\Views\\reviewXML.php')
 3 SYSTEMPATH\View\View.php(216): CodeIgniter\View\View->CodeIgniter\View\{closure}()
 4 SYSTEMPATH\Common.php(1135): CodeIgniter\View\View->render('reviewXML', [], true)
 5 APPPATH\Controllers\Sites.php(127): view('reviewXML', [...])
 6 SYSTEMPATH\CodeIgniter.php(896): App\Controllers\Sites->scanXML('1')
 7 SYSTEMPATH\CodeIgniter.php(466): CodeIgniter\CodeIgniter->runController(Object(App\Controllers\Sites))
 8 SYSTEMPATH\CodeIgniter.php(349): CodeIgniter\CodeIgniter->handleRequest(null, Object(Config\Cache), false)
 9 FCPATH\index.php(55): CodeIgniter\CodeIgniter->run()
10 SYSTEMPATH\Commands\Server\rewrite.php(43): require_once('FCPATH\\index.php')
CRITICAL - 2022-07-21 12:52:36 --> Undefined variable: title
in APPPATH\Views\templates\header.php on line 25.
 1 APPPATH\Views\templates\header.php(25): CodeIgniter\Debug\Exceptions->errorHandler(8, 'Undefined variable: title', 'APPPATH\\Views\\templates\\header.php', 25, [])
 2 SYSTEMPATH\View\View.php(213): include('APPPATH\\Views\\templates\\header.php')
 3 SYSTEMPATH\View\View.php(216): CodeIgniter\View\View->CodeIgniter\View\{closure}()
 4 SYSTEMPATH\Common.php(1135): CodeIgniter\View\View->render('templates/header', [], true)
 5 APPPATH\Controllers\Home.php(30): view('templates/header')
 6 SYSTEMPATH\CodeIgniter.php(896): App\Controllers\Home->anyPage('site', '1', 'saving-pages')
 7 SYSTEMPATH\CodeIgniter.php(466): CodeIgniter\CodeIgniter->runController(Object(App\Controllers\Home))
 8 SYSTEMPATH\CodeIgniter.php(349): CodeIgniter\CodeIgniter->handleRequest(null, Object(Config\Cache), false)
 9 FCPATH\index.php(55): CodeIgniter\CodeIgniter->run()
10 SYSTEMPATH\Commands\Server\rewrite.php(43): require_once('FCPATH\\index.php')
CRITICAL - 2022-07-21 12:53:12 --> Undefined variable: title
in APPPATH\Views\templates\header.php on line 25.
 1 APPPATH\Views\templates\header.php(25): CodeIgniter\Debug\Exceptions->errorHandler(8, 'Undefined variable: title', 'APPPATH\\Views\\templates\\header.php', 25, [])
 2 SYSTEMPATH\View\View.php(213): include('APPPATH\\Views\\templates\\header.php')
 3 SYSTEMPATH\View\View.php(216): CodeIgniter\View\View->CodeIgniter\View\{closure}()
 4 SYSTEMPATH\Common.php(1135): CodeIgniter\View\View->render('templates/header', [], true)
 5 APPPATH\Controllers\Home.php(30): view('templates/header')
 6 SYSTEMPATH\CodeIgniter.php(896): App\Controllers\Home->anyPage('site', '1', 'saving-pages')
 7 SYSTEMPATH\CodeIgniter.php(466): CodeIgniter\CodeIgniter->runController(Object(App\Controllers\Home))
 8 SYSTEMPATH\CodeIgniter.php(349): CodeIgniter\CodeIgniter->handleRequest(null, Object(Config\Cache), false)
 9 FCPATH\index.php(55): CodeIgniter\CodeIgniter->run()
10 SYSTEMPATH\Commands\Server\rewrite.php(43): require_once('FCPATH\\index.php')
CRITICAL - 2022-07-21 13:28:55 --> Access to undeclared static property: App\Controllers\Sites::$arrayPages
in APPPATH\Controllers\Sites.php on line 121.
 1 SYSTEMPATH\CodeIgniter.php(896): App\Controllers\Sites->scanXML('1')
 2 SYSTEMPATH\CodeIgniter.php(466): CodeIgniter\CodeIgniter->runController(Object(App\Controllers\Sites))
 3 SYSTEMPATH\CodeIgniter.php(349): CodeIgniter\CodeIgniter->handleRequest(null, Object(Config\Cache), false)
 4 FCPATH\index.php(55): CodeIgniter\CodeIgniter->run()
 5 SYSTEMPATH\Commands\Server\rewrite.php(43): require_once('FCPATH\\index.php')
CRITICAL - 2022-07-21 13:53:55 --> Undefined variable: session
in APPPATH\Controllers\Sites.php on line 144.
 1 APPPATH\Controllers\Sites.php(144): CodeIgniter\Debug\Exceptions->errorHandler(8, 'Undefined variable: session', 'APPPATH\\Controllers\\Sites.php', 144, [...])
 2 SYSTEMPATH\CodeIgniter.php(896): App\Controllers\Sites->savePagesFromXml('1')
 3 SYSTEMPATH\CodeIgniter.php(466): CodeIgniter\CodeIgniter->runController(Object(App\Controllers\Sites))
 4 SYSTEMPATH\CodeIgniter.php(349): CodeIgniter\CodeIgniter->handleRequest(null, Object(Config\Cache), false)
 5 FCPATH\index.php(55): CodeIgniter\CodeIgniter->run()
 6 SYSTEMPATH\Commands\Server\rewrite.php(43): require_once('FCPATH\\index.php')
CRITICAL - 2022-07-21 14:05:25 --> There is no data to update.
in SYSTEMPATH\BaseModel.php on line 846.
 1 SYSTEMPATH\BaseModel.php(846): CodeIgniter\Database\Exceptions\DataException::forEmptyDataset('update')
 2 SYSTEMPATH\Model.php(692): CodeIgniter\BaseModel->update([...], [])
 3 APPPATH\Controllers\Sites.php(125): CodeIgniter\Model->update('1', [...])
 4 SYSTEMPATH\CodeIgniter.php(896): App\Controllers\Sites->scanXML('1')
 5 SYSTEMPATH\CodeIgniter.php(466): CodeIgniter\CodeIgniter->runController(Object(App\Controllers\Sites))
 6 SYSTEMPATH\CodeIgniter.php(349): CodeIgniter\CodeIgniter->handleRequest(null, Object(Config\Cache), false)
 7 FCPATH\index.php(55): CodeIgniter\CodeIgniter->run()
 8 SYSTEMPATH\Commands\Server\rewrite.php(43): require_once('FCPATH\\index.php')
