CRITICAL - 2022-08-02 09:20:07 --> Call to a member function getAttribute() on null
in APPPATH\Libraries\Post.php on line 130.
 1 APPPATH\Controllers\Sites.php(196): App\Libraries\Post->getPostInfo()
 2 SYSTEMPATH\CodeIgniter.php(896): App\Controllers\Sites->savePage('1')
 3 SYSTEMPATH\CodeIgniter.php(466): CodeIgniter\CodeIgniter->runController(Object(App\Controllers\Sites))
 4 SYSTEMPATH\CodeIgniter.php(349): CodeIgniter\CodeIgniter->handleRequest(null, Object(Config\Cache), false)
 5 FCPATH\index.php(55): CodeIgniter\CodeIgniter->run()
 6 SYSTEMPATH\Commands\Server\rewrite.php(43): require_once('FCPATH\\index.php')
CRITICAL - 2022-08-02 09:20:50 --> Call to a member function getAttribute() on null
in APPPATH\Libraries\Post.php on line 130.
 1 APPPATH\Controllers\Sites.php(196): App\Libraries\Post->getPostInfo()
 2 SYSTEMPATH\CodeIgniter.php(896): App\Controllers\Sites->savePage('1')
 3 SYSTEMPATH\CodeIgniter.php(466): CodeIgniter\CodeIgniter->runController(Object(App\Controllers\Sites))
 4 SYSTEMPATH\CodeIgniter.php(349): CodeIgniter\CodeIgniter->handleRequest(null, Object(Config\Cache), false)
 5 FCPATH\index.php(55): CodeIgniter\CodeIgniter->run()
 6 SYSTEMPATH\Commands\Server\rewrite.php(43): require_once('FCPATH\\index.php')
CRITICAL - 2022-08-02 09:31:28 --> Call to a member function getAttribute() on null
in APPPATH\Libraries\Post.php on line 130.
 1 APPPATH\Controllers\Sites.php(196): App\Libraries\Post->getPostInfo()
 2 SYSTEMPATH\CodeIgniter.php(896): App\Controllers\Sites->savePage('1')
 3 SYSTEMPATH\CodeIgniter.php(466): CodeIgniter\CodeIgniter->runController(Object(App\Controllers\Sites))
 4 SYSTEMPATH\CodeIgniter.php(349): CodeIgniter\CodeIgniter->handleRequest(null, Object(Config\Cache), false)
 5 FCPATH\index.php(55): CodeIgniter\CodeIgniter->run()
 6 SYSTEMPATH\Commands\Server\rewrite.php(43): require_once('FCPATH\\index.php')
CRITICAL - 2022-08-02 09:31:36 --> Call to a member function getAttribute() on null
in APPPATH\Libraries\Post.php on line 130.
 1 APPPATH\Controllers\Sites.php(196): App\Libraries\Post->getPostInfo()
 2 SYSTEMPATH\CodeIgniter.php(896): App\Controllers\Sites->savePage('1')
 3 SYSTEMPATH\CodeIgniter.php(466): CodeIgniter\CodeIgniter->runController(Object(App\Controllers\Sites))
 4 SYSTEMPATH\CodeIgniter.php(349): CodeIgniter\CodeIgniter->handleRequest(null, Object(Config\Cache), false)
 5 FCPATH\index.php(55): CodeIgniter\CodeIgniter->run()
 6 SYSTEMPATH\Commands\Server\rewrite.php(43): require_once('FCPATH\\index.php')
CRITICAL - 2022-08-02 09:59:07 --> Trying to access array offset on value of type bool
in APPPATH\Controllers\GeneratorXml.php on line 51.
 1 APPPATH\Controllers\GeneratorXml.php(51): CodeIgniter\Debug\Exceptions->errorHandler(8, 'Trying to access array offset on value of type bool', 'APPPATH\\Controllers\\GeneratorXml.php', 51, [...])
 2 SYSTEMPATH\CodeIgniter.php(896): App\Controllers\GeneratorXml->index('1')
 3 SYSTEMPATH\CodeIgniter.php(466): CodeIgniter\CodeIgniter->runController(Object(App\Controllers\GeneratorXml))
 4 SYSTEMPATH\CodeIgniter.php(349): CodeIgniter\CodeIgniter->handleRequest(null, Object(Config\Cache), false)
 5 FCPATH\index.php(55): CodeIgniter\CodeIgniter->run()
 6 SYSTEMPATH\Commands\Server\rewrite.php(43): require_once('FCPATH\\index.php')
CRITICAL - 2022-08-02 10:18:29 --> Maximum execution time of 600 seconds exceeded
in APPPATH\Controllers\GeneratorXml.php on line 50.
 1 [internal function]: CodeIgniter\Debug\Exceptions->shutdownHandler()
CRITICAL - 2022-08-02 10:37:17 --> Maximum execution time of 600 seconds exceeded
in APPPATH\Controllers\GeneratorXml.php on line 50.
 1 [internal function]: CodeIgniter\Debug\Exceptions->shutdownHandler()
CRITICAL - 2022-08-02 14:38:32 --> Undefined variable: idSite
in APPPATH\Controllers\GeneratorXml.php on line 16.
 1 APPPATH\Controllers\GeneratorXml.php(16): CodeIgniter\Debug\Exceptions->errorHandler(8, 'Undefined variable: idSite', 'APPPATH\\Controllers\\GeneratorXml.php', 16, [...])
 2 SYSTEMPATH\CodeIgniter.php(896): App\Controllers\GeneratorXml->index()
 3 SYSTEMPATH\CodeIgniter.php(466): CodeIgniter\CodeIgniter->runController(Object(App\Controllers\GeneratorXml))
 4 SYSTEMPATH\CodeIgniter.php(349): CodeIgniter\CodeIgniter->handleRequest(null, Object(Config\Cache), false)
 5 FCPATH\index.php(55): CodeIgniter\CodeIgniter->run()
 6 SYSTEMPATH\Commands\Server\rewrite.php(43): require_once('FCPATH\\index.php')
